#
# There is insufficient memory for the Java Runtime Environment to continue.
# Native memory allocation (malloc) failed to allocate 65552 bytes. Error detail: Chunk::new
# Possible reasons:
#   The system is out of physical RAM or swap space
#   This process is running with CompressedOops enabled, and the Java Heap may be blocking the growth of the native heap
# Possible solutions:
#   Reduce memory load on the system
#   Increase physical memory or swap space
#   Check if swap backing store is full
#   Decrease Java heap size (-Xmx/-Xms)
#   Decrease number of Java threads
#   Decrease Java thread stack sizes (-Xss)
#   Set larger code cache with -XX:ReservedCodeCacheSize=
#   JVM is running with Unscaled Compressed Oops mode in which the Java heap is
#     placed in the first 4GB address space. The Java Heap base address is the
#     maximum limit for the native heap growth. Please use -XX:HeapBaseMinAddress
#     to set the Java Heap base and to place the Java Heap above 4GB virtual address.
# This output file may be truncated or incomplete.
#
#  Out of Memory Error (arena.cpp:168), pid=2804, tid=3296
#
# JRE version: OpenJDK Runtime Environment Temurin-21.0.7+6 (21.0.7+6) (build 21.0.7+6-LTS)
# Java VM: OpenJDK 64-Bit Server VM Temurin-21.0.7+6 (21.0.7+6-LTS, mixed mode, sharing, tiered, compressed oops, compressed class ptrs, parallel gc, windows-amd64)
# No core dump will be written. Minidumps are not enabled by default on client versions of Windows
#

---------------  S U M M A R Y ------------

Command Line: --add-modules=ALL-SYSTEM --add-opens=java.base/java.util=ALL-UNNAMED --add-opens=java.base/java.lang=ALL-UNNAMED --add-opens=java.base/sun.nio.fs=ALL-UNNAMED -Declipse.application=org.eclipse.jdt.ls.core.id1 -Dosgi.bundles.defaultStartLevel=4 -Declipse.product=org.eclipse.jdt.ls.core.product -Djava.import.generatesMetadataFilesAtProjectRoot=false -DDetectVMInstallationsJob.disabled=true -Dfile.encoding=utf8 -XX:+UseParallelGC -XX:GCTimeRatio=4 -XX:AdaptiveSizePolicyWeight=90 -Dsun.zip.disableMemoryMapping=true -Xmx1G -Xms100m -Xlog:disable -javaagent:c:\Users\Admin\.vscode\extensions\redhat.java-1.42.0-win32-x64\lombok\lombok-1.18.36.jar c:\Users\Admin\.vscode\extensions\redhat.java-1.42.0-win32-x64\server\plugins\org.eclipse.equinox.launcher_1.7.0.v20250424-1814.jar -configuration c:\Users\Admin\AppData\Roaming\Code\User\globalStorage\redhat.java\1.42.0\config_ss_win -data c:\Users\Admin\AppData\Roaming\Code\User\workspaceStorage\044d07cebe7941a13fb9890be6efa0a1\redhat.java\ss_ws --pipe=\\.\pipe\lsp-066641a2758be22f6f3434ceadac2539-sock

Host: Intel(R) Core(TM) i5-4260U CPU @ 1.40GHz, 4 cores, 3G,  Windows 10 , 64 bit Build 19041 (10.0.19041.5794)
Time: Sat May 24 16:09:20 2025 Pacific Daylight Time elapsed time: 9.311795 seconds (0d 0h 0m 9s)

---------------  T H R E A D  ---------------

Current thread (0x000001d05a16a0a0):  JavaThread "C2 CompilerThread0" daemon [_thread_in_native, id=3296, stack(0x00000044ea100000,0x00000044ea200000) (1024K)]


Current CompileTask:
C2:9311 3153       4       java.lang.invoke.MethodType::makeImpl (109 bytes)

Stack: [0x00000044ea100000,0x00000044ea200000]
Native frames: (J=compiled Java code, j=interpreted, Vv=VM code, C=native code)
V  [jvm.dll+0x6ce119]
V  [jvm.dll+0x8a84a1]
V  [jvm.dll+0x8aa9ce]
V  [jvm.dll+0x8ab0b3]
V  [jvm.dll+0x27f8a6]
V  [jvm.dll+0xc507d]
V  [jvm.dll+0xc55b3]
V  [jvm.dll+0xc51a5]
V  [jvm.dll+0x6a96fc]
V  [jvm.dll+0x5e5f9b]
V  [jvm.dll+0x5e56d9]
V  [jvm.dll+0x5e4f2e]
V  [jvm.dll+0x5e4f41]
V  [jvm.dll+0x5e4f41]
V  [jvm.dll+0x5e4f41]
V  [jvm.dll+0x5e4f41]
V  [jvm.dll+0x5e4f41]
V  [jvm.dll+0x5e4f41]
V  [jvm.dll+0x5e4f41]
V  [jvm.dll+0x5e4f41]
V  [jvm.dll+0x5e4f41]
V  [jvm.dll+0x5e4f41]
V  [jvm.dll+0x5e4f41]
V  [jvm.dll+0x5e4f41]
V  [jvm.dll+0x5e4f41]
V  [jvm.dll+0x5e4f41]
V  [jvm.dll+0x5e4f41]
V  [jvm.dll+0x5e4f41]
V  [jvm.dll+0x5f7335]
V  [jvm.dll+0x250cb2]
V  [jvm.dll+0x249626]
V  [jvm.dll+0x246fc4]
V  [jvm.dll+0x1c760e]
V  [jvm.dll+0x25695a]
V  [jvm.dll+0x254efa]
V  [jvm.dll+0x3f03f6]
V  [jvm.dll+0x851f6b]
V  [jvm.dll+0x6cc7dd]
C  [ucrtbase.dll+0x21bb2]
C  [KERNEL32.DLL+0x17374]
C  [ntdll.dll+0x4cc91]


---------------  P R O C E S S  ---------------

Threads class SMR info:
_java_thread_list=0x000001d060f8e650, length=29, elements={
0x000001d004dbf620, 0x000001d05a127bf0, 0x000001d05a1294f0, 0x000001d05a12b070,
0x000001d05a12cf90, 0x000001d05a138220, 0x000001d05a144900, 0x000001d05a16a0a0,
0x000001d05a16a9a0, 0x000001d004e86a10, 0x000001d05f28e850, 0x000001d05fbfc1e0,
0x000001d05fb489e0, 0x000001d05fb49040, 0x000001d05fb5e530, 0x000001d05fbbccc0,
0x000001d05fdde820, 0x000001d05f16e980, 0x000001d05f36e860, 0x000001d0604f4ea0,
0x000001d0604f3af0, 0x000001d0604f5530, 0x000001d0604f68e0, 0x000001d0604f5bc0,
0x000001d0604f6250, 0x000001d0604f6f70, 0x000001d0604f4180, 0x000001d0604f4810,
0x000001d0602295f0
}

Java Threads: ( => current thread )
  0x000001d004dbf620 JavaThread "main"                              [_thread_blocked, id=4492, stack(0x00000044e9700000,0x00000044e9800000) (1024K)]
  0x000001d05a127bf0 JavaThread "Reference Handler"          daemon [_thread_blocked, id=3256, stack(0x00000044e9b00000,0x00000044e9c00000) (1024K)]
  0x000001d05a1294f0 JavaThread "Finalizer"                  daemon [_thread_blocked, id=2444, stack(0x00000044e9c00000,0x00000044e9d00000) (1024K)]
  0x000001d05a12b070 JavaThread "Signal Dispatcher"          daemon [_thread_blocked, id=3376, stack(0x00000044e9d00000,0x00000044e9e00000) (1024K)]
  0x000001d05a12cf90 JavaThread "Attach Listener"            daemon [_thread_blocked, id=3200, stack(0x00000044e9e00000,0x00000044e9f00000) (1024K)]
  0x000001d05a138220 JavaThread "Service Thread"             daemon [_thread_blocked, id=5976, stack(0x00000044e9f00000,0x00000044ea000000) (1024K)]
  0x000001d05a144900 JavaThread "Monitor Deflation Thread"   daemon [_thread_blocked, id=2080, stack(0x00000044ea000000,0x00000044ea100000) (1024K)]
=>0x000001d05a16a0a0 JavaThread "C2 CompilerThread0"         daemon [_thread_in_native, id=3296, stack(0x00000044ea100000,0x00000044ea200000) (1024K)]
  0x000001d05a16a9a0 JavaThread "C1 CompilerThread0"         daemon [_thread_blocked, id=1768, stack(0x00000044ea200000,0x00000044ea300000) (1024K)]
  0x000001d004e86a10 JavaThread "Common-Cleaner"             daemon [_thread_blocked, id=2904, stack(0x00000044ea300000,0x00000044ea400000) (1024K)]
  0x000001d05f28e850 JavaThread "Notification Thread"        daemon [_thread_blocked, id=960, stack(0x00000044ea400000,0x00000044ea500000) (1024K)]
  0x000001d05fbfc1e0 JavaThread "Active Thread: Equinox Container: 6772d20e-d2b4-4050-bae0-95c3a552a73a"        [_thread_blocked, id=1268, stack(0x00000044ea900000,0x00000044eaa00000) (1024K)]
  0x000001d05fb489e0 JavaThread "Framework Event Dispatcher: Equinox Container: 6772d20e-d2b4-4050-bae0-95c3a552a73a" daemon [_thread_blocked, id=5564, stack(0x00000044ea800000,0x00000044ea900000) (1024K)]
  0x000001d05fb49040 JavaThread "Start Level: Equinox Container: 6772d20e-d2b4-4050-bae0-95c3a552a73a" daemon [_thread_blocked, id=3620, stack(0x00000044eaa00000,0x00000044eab00000) (1024K)]
  0x000001d05fb5e530 JavaThread "SCR Component Actor"        daemon [_thread_blocked, id=4836, stack(0x00000044eab00000,0x00000044eac00000) (1024K)]
  0x000001d05fbbccc0 JavaThread "SCR Component Registry"     daemon [_thread_blocked, id=3440, stack(0x00000044eac00000,0x00000044ead00000) (1024K)]
  0x000001d05fdde820 JavaThread "Worker-JM"                         [_thread_blocked, id=6416, stack(0x00000044ead00000,0x00000044eae00000) (1024K)]
  0x000001d05f16e980 JavaThread "Worker-0"                          [_thread_blocked, id=3580, stack(0x00000044eae00000,0x00000044eaf00000) (1024K)]
  0x000001d05f36e860 JavaThread "Worker-1"                          [_thread_blocked, id=6092, stack(0x00000044eaf00000,0x00000044eb000000) (1024K)]
  0x000001d0604f4ea0 JavaThread "JNA Cleaner"                daemon [_thread_blocked, id=5236, stack(0x00000044eb000000,0x00000044eb100000) (1024K)]
  0x000001d0604f3af0 JavaThread "Thread-2"                   daemon [_thread_in_native, id=6552, stack(0x00000044eb300000,0x00000044eb400000) (1024K)]
  0x000001d0604f5530 JavaThread "Thread-3"                   daemon [_thread_in_native, id=6288, stack(0x00000044eb400000,0x00000044eb500000) (1024K)]
  0x000001d0604f68e0 JavaThread "Thread-4"                   daemon [_thread_in_native, id=4008, stack(0x00000044eb500000,0x00000044eb600000) (1024K)]
  0x000001d0604f5bc0 JavaThread "Thread-5"                   daemon [_thread_in_native, id=3680, stack(0x00000044eb600000,0x00000044eb700000) (1024K)]
  0x000001d0604f6250 JavaThread "Thread-6"                   daemon [_thread_in_native, id=1500, stack(0x00000044eb700000,0x00000044eb800000) (1024K)]
  0x000001d0604f6f70 JavaThread "pool-2-thread-1"                   [_thread_blocked, id=4116, stack(0x00000044eb800000,0x00000044eb900000) (1024K)]
  0x000001d0604f4180 JavaThread "Worker-2"                          [_thread_blocked, id=5596, stack(0x00000044eb900000,0x00000044eba00000) (1024K)]
  0x000001d0604f4810 JavaThread "WorkspaceEventsHandler"            [_thread_blocked, id=1212, stack(0x00000044eba00000,0x00000044ebb00000) (1024K)]
  0x000001d0602295f0 JavaThread "pool-1-thread-1"                   [_thread_blocked, id=4968, stack(0x00000044ebb00000,0x00000044ebc00000) (1024K)]
Total: 29

Other Threads:
  0x000001d05a10bf20 VMThread "VM Thread"                           [id=3080, stack(0x00000044e9a00000,0x00000044e9b00000) (1024K)]
  0x000001d05a080c30 WatcherThread "VM Periodic Task Thread"        [id=2532, stack(0x00000044e9900000,0x00000044e9a00000) (1024K)]
  0x000001d004ddcb00 WorkerThread "GC Thread#0"                     [id=5256, stack(0x00000044e9800000,0x00000044e9900000) (1024K)]
  0x000001d05f8c5590 WorkerThread "GC Thread#1"                     [id=4740, stack(0x00000044ea500000,0x00000044ea600000) (1024K)]
  0x000001d05f8c5930 WorkerThread "GC Thread#2"                     [id=3624, stack(0x00000044ea600000,0x00000044ea700000) (1024K)]
  0x000001d05f8b4690 WorkerThread "GC Thread#3"                     [id=944, stack(0x00000044ea700000,0x00000044ea800000) (1024K)]
Total: 6

Threads with active compile tasks:
C2 CompilerThread0  9364 3153       4       java.lang.invoke.MethodType::makeImpl (109 bytes)
Total: 1

VM state: not at safepoint (normal execution)

VM Mutex/Monitor currently owned by a thread: None

Heap address: 0x00000000c0000000, size: 1024 MB, Compressed Oops mode: 32-bit

CDS archive(s) mapped at: [0x000001d019000000-0x000001d019ba0000-0x000001d019ba0000), size 12189696, SharedBaseAddress: 0x000001d019000000, ArchiveRelocationMode: 1.
Compressed class space mapped at: 0x000001d01a000000-0x000001d05a000000, reserved size: 1073741824
Narrow klass base: 0x000001d019000000, Narrow klass shift: 0, Narrow klass range: 0x100000000

GC Precious Log:
 CardTable entry size: 512
 CPUs: 4 total, 4 available
 Memory: 4036M
 Large Page Support: Disabled
 NUMA Support: Disabled
 Compressed Oops: Enabled (32-bit)
 Alignments: Space 512K, Generation 512K, Heap 2M
 Heap Min Capacity: 100M
 Heap Initial Capacity: 100M
 Heap Max Capacity: 1G
 Pre-touch: Disabled
 Parallel Workers: 4

Heap:
 PSYoungGen      total 27136K, used 16489K [0x00000000eab00000, 0x00000000eca00000, 0x0000000100000000)
  eden space 24576K, 57% used [0x00000000eab00000,0x00000000eb8cf220,0x00000000ec300000)
  from space 2560K, 91% used [0x00000000ec380000,0x00000000ec5cb3a0,0x00000000ec600000)
  to   space 3584K, 0% used [0x00000000ec680000,0x00000000ec680000,0x00000000eca00000)
 ParOldGen       total 68608K, used 9743K [0x00000000c0000000, 0x00000000c4300000, 0x00000000eab00000)
  object space 68608K, 14% used [0x00000000c0000000,0x00000000c0983d80,0x00000000c4300000)
 Metaspace       used 27373K, committed 28224K, reserved 1114112K
  class space    used 2665K, committed 3008K, reserved 1048576K

Card table byte_map: [0x000001d004770000,0x000001d004980000] _byte_map_base: 0x000001d004170000

Marking Bits: (ParMarkBitMap*) 0x00007ff9ad5631f0
 Begin Bits: [0x000001d016fc0000, 0x000001d017fc0000)
 End Bits:   [0x000001d017fc0000, 0x000001d018fc0000)

Polling page: 0x000001d002db0000

Metaspace:

Usage:
  Non-class:     24.13 MB used.
      Class:      2.60 MB used.
       Both:     26.73 MB used.

Virtual space:
  Non-class space:       64.00 MB reserved,      24.62 MB ( 38%) committed,  1 nodes.
      Class space:        1.00 GB reserved,       2.94 MB ( <1%) committed,  1 nodes.
             Both:        1.06 GB reserved,      27.56 MB (  3%) committed. 

Chunk freelists:
   Non-Class:  7.29 MB
       Class:  13.09 MB
        Both:  20.39 MB

MaxMetaspaceSize: unlimited
CompressedClassSpaceSize: 1.00 GB
Initial GC threshold: 21.00 MB
Current GC threshold: 35.00 MB
CDS: on
 - commit_granule_bytes: 65536.
 - commit_granule_words: 8192.
 - virtual_space_node_default_size: 8388608.
 - enlarge_chunks_in_place: 1.
 - use_allocation_guard: 0.


Internal statistics:

num_allocs_failed_limit: 3.
num_arena_births: 544.
num_arena_deaths: 14.
num_vsnodes_births: 2.
num_vsnodes_deaths: 0.
num_space_committed: 441.
num_space_uncommitted: 0.
num_chunks_returned_to_freelist: 17.
num_chunks_taken_from_freelist: 1522.
num_chunk_merges: 8.
num_chunk_splits: 1027.
num_chunks_enlarged: 688.
num_inconsistent_stats: 0.

CodeHeap 'non-profiled nmethods': size=120000Kb used=1363Kb max_used=1363Kb free=118636Kb
 bounds [0x000001d00fa90000, 0x000001d00fd00000, 0x000001d016fc0000]
CodeHeap 'profiled nmethods': size=120000Kb used=6250Kb max_used=6250Kb free=113749Kb
 bounds [0x000001d007fc0000, 0x000001d0085e0000, 0x000001d00f4f0000]
CodeHeap 'non-nmethods': size=5760Kb used=1334Kb max_used=1367Kb free=4425Kb
 bounds [0x000001d00f4f0000, 0x000001d00f760000, 0x000001d00fa90000]
 total_blobs=3816 nmethods=3191 adapters=531
 compilation: enabled
              stopped_count=0, restarted_count=0
 full_count=0

Compilation events (20 events):
Event: 9.154 Thread 0x000001d05a16a9a0 3189       3       java.lang.ClassLoader::getBuiltinPlatformClassLoader (4 bytes)
Event: 9.154 Thread 0x000001d05a16a9a0 nmethod 3189 0x000001d0085d7590 code [0x000001d0085d7740, 0x000001d0085d7890]
Event: 9.214 Thread 0x000001d05a16a9a0 3190       3       java.nio.HeapByteBuffer::ix (7 bytes)
Event: 9.214 Thread 0x000001d05a16a9a0 nmethod 3190 0x000001d0085d7910 code [0x000001d0085d7aa0, 0x000001d0085d7bb0]
Event: 9.219 Thread 0x000001d05a16a9a0 3192       3       java.lang.CharacterDataLatin1::digit (32 bytes)
Event: 9.219 Thread 0x000001d05a16a9a0 nmethod 3192 0x000001d0085d7c10 code [0x000001d0085d7dc0, 0x000001d0085d8000]
Event: 9.225 Thread 0x000001d05a16a9a0 3193       3       java.lang.invoke.MethodHandles$Lookup::hasFullPrivilegeAccess (18 bytes)
Event: 9.225 Thread 0x000001d05a16a9a0 nmethod 3193 0x000001d0085d8110 code [0x000001d0085d82a0, 0x000001d0085d8408]
Event: 9.226 Thread 0x000001d05a16a9a0 3194       3       java.time.LocalTime::create (26 bytes)
Event: 9.226 Thread 0x000001d05a16a9a0 nmethod 3194 0x000001d0085d8490 code [0x000001d0085d8640, 0x000001d0085d88e8]
Event: 9.229 Thread 0x000001d05a16a9a0 3196       1       java.time.zone.ZoneOffsetTransition::getDateTimeBefore (5 bytes)
Event: 9.229 Thread 0x000001d05a16a9a0 nmethod 3196 0x000001d00fbe4a90 code [0x000001d00fbe4c20, 0x000001d00fbe4ce8]
Event: 9.229 Thread 0x000001d05a16a9a0 3197       3       java.time.LocalTime::ofNanoOfDay (68 bytes)
Event: 9.230 Thread 0x000001d05a16a9a0 nmethod 3197 0x000001d0085d8a10 code [0x000001d0085d8be0, 0x000001d0085d8f10]
Event: 9.255 Thread 0x000001d05a16a9a0 3198       3       java.nio.HeapByteBuffer::get (14 bytes)
Event: 9.256 Thread 0x000001d05a16a9a0 nmethod 3198 0x000001d0085d9090 code [0x000001d0085d9260, 0x000001d0085d9538]
Event: 9.256 Thread 0x000001d05a16a9a0 3199   !   3       org.eclipse.jdt.ls.core.internal.ConnectionStreamFactory$NamedPipeInputStream::read (128 bytes)
Event: 9.257 Thread 0x000001d05a16a9a0 nmethod 3199 0x000001d0085d9710 code [0x000001d0085d9980, 0x000001d0085da350]
Event: 9.292 Thread 0x000001d05a16a9a0 3200       3       java.lang.Thread::isVirtual (5 bytes)
Event: 9.292 Thread 0x000001d05a16a9a0 nmethod 3200 0x000001d0085da710 code [0x000001d0085da8c0, 0x000001d0085daac8]

GC Heap History (16 events):
Event: 2.043 GC heap before
{Heap before GC invocations=1 (full 0):
 PSYoungGen      total 29696K, used 25600K [0x00000000eab00000, 0x00000000ecc00000, 0x0000000100000000)
  eden space 25600K, 100% used [0x00000000eab00000,0x00000000ec400000,0x00000000ec400000)
  from space 4096K, 0% used [0x00000000ec800000,0x00000000ec800000,0x00000000ecc00000)
  to   space 4096K, 0% used [0x00000000ec400000,0x00000000ec400000,0x00000000ec800000)
 ParOldGen       total 68608K, used 0K [0x00000000c0000000, 0x00000000c4300000, 0x00000000eab00000)
  object space 68608K, 0% used [0x00000000c0000000,0x00000000c0000000,0x00000000c4300000)
 Metaspace       used 4346K, committed 4544K, reserved 1114112K
  class space    used 460K, committed 576K, reserved 1048576K
}
Event: 2.071 GC heap after
{Heap after GC invocations=1 (full 0):
 PSYoungGen      total 29696K, used 3270K [0x00000000eab00000, 0x00000000ecc00000, 0x0000000100000000)
  eden space 25600K, 0% used [0x00000000eab00000,0x00000000eab00000,0x00000000ec400000)
  from space 4096K, 79% used [0x00000000ec400000,0x00000000ec731870,0x00000000ec800000)
  to   space 4096K, 0% used [0x00000000ec800000,0x00000000ec800000,0x00000000ecc00000)
 ParOldGen       total 68608K, used 0K [0x00000000c0000000, 0x00000000c4300000, 0x00000000eab00000)
  object space 68608K, 0% used [0x00000000c0000000,0x00000000c0000000,0x00000000c4300000)
 Metaspace       used 4346K, committed 4544K, reserved 1114112K
  class space    used 460K, committed 576K, reserved 1048576K
}
Event: 4.374 GC heap before
{Heap before GC invocations=2 (full 0):
 PSYoungGen      total 29696K, used 28870K [0x00000000eab00000, 0x00000000ecc00000, 0x0000000100000000)
  eden space 25600K, 100% used [0x00000000eab00000,0x00000000ec400000,0x00000000ec400000)
  from space 4096K, 79% used [0x00000000ec400000,0x00000000ec731870,0x00000000ec800000)
  to   space 4096K, 0% used [0x00000000ec800000,0x00000000ec800000,0x00000000ecc00000)
 ParOldGen       total 68608K, used 0K [0x00000000c0000000, 0x00000000c4300000, 0x00000000eab00000)
  object space 68608K, 0% used [0x00000000c0000000,0x00000000c0000000,0x00000000c4300000)
 Metaspace       used 8311K, committed 8640K, reserved 1114112K
  class space    used 850K, committed 1024K, reserved 1048576K
}
Event: 4.383 GC heap after
{Heap after GC invocations=2 (full 0):
 PSYoungGen      total 29696K, used 4068K [0x00000000eab00000, 0x00000000ecc00000, 0x0000000100000000)
  eden space 25600K, 0% used [0x00000000eab00000,0x00000000eab00000,0x00000000ec400000)
  from space 4096K, 99% used [0x00000000ec800000,0x00000000ecbf91f8,0x00000000ecc00000)
  to   space 4096K, 0% used [0x00000000ec400000,0x00000000ec400000,0x00000000ec800000)
 ParOldGen       total 68608K, used 905K [0x00000000c0000000, 0x00000000c4300000, 0x00000000eab00000)
  object space 68608K, 1% used [0x00000000c0000000,0x00000000c00e26b8,0x00000000c4300000)
 Metaspace       used 8311K, committed 8640K, reserved 1114112K
  class space    used 850K, committed 1024K, reserved 1048576K
}
Event: 5.722 GC heap before
{Heap before GC invocations=3 (full 0):
 PSYoungGen      total 29696K, used 29668K [0x00000000eab00000, 0x00000000ecc00000, 0x0000000100000000)
  eden space 25600K, 100% used [0x00000000eab00000,0x00000000ec400000,0x00000000ec400000)
  from space 4096K, 99% used [0x00000000ec800000,0x00000000ecbf91f8,0x00000000ecc00000)
  to   space 4096K, 0% used [0x00000000ec400000,0x00000000ec400000,0x00000000ec800000)
 ParOldGen       total 68608K, used 905K [0x00000000c0000000, 0x00000000c4300000, 0x00000000eab00000)
  object space 68608K, 1% used [0x00000000c0000000,0x00000000c00e26b8,0x00000000c4300000)
 Metaspace       used 13081K, committed 13568K, reserved 1114112K
  class space    used 1339K, committed 1536K, reserved 1048576K
}
Event: 5.735 GC heap after
{Heap after GC invocations=3 (full 0):
 PSYoungGen      total 29696K, used 4093K [0x00000000eab00000, 0x00000000ecc00000, 0x0000000100000000)
  eden space 25600K, 0% used [0x00000000eab00000,0x00000000eab00000,0x00000000ec400000)
  from space 4096K, 99% used [0x00000000ec400000,0x00000000ec7ff758,0x00000000ec800000)
  to   space 4096K, 0% used [0x00000000ec800000,0x00000000ec800000,0x00000000ecc00000)
 ParOldGen       total 68608K, used 2822K [0x00000000c0000000, 0x00000000c4300000, 0x00000000eab00000)
  object space 68608K, 4% used [0x00000000c0000000,0x00000000c02c1bb0,0x00000000c4300000)
 Metaspace       used 13081K, committed 13568K, reserved 1114112K
  class space    used 1339K, committed 1536K, reserved 1048576K
}
Event: 6.324 GC heap before
{Heap before GC invocations=4 (full 0):
 PSYoungGen      total 29696K, used 29693K [0x00000000eab00000, 0x00000000ecc00000, 0x0000000100000000)
  eden space 25600K, 100% used [0x00000000eab00000,0x00000000ec400000,0x00000000ec400000)
  from space 4096K, 99% used [0x00000000ec400000,0x00000000ec7ff758,0x00000000ec800000)
  to   space 4096K, 0% used [0x00000000ec800000,0x00000000ec800000,0x00000000ecc00000)
 ParOldGen       total 68608K, used 2822K [0x00000000c0000000, 0x00000000c4300000, 0x00000000eab00000)
  object space 68608K, 4% used [0x00000000c0000000,0x00000000c02c1bb0,0x00000000c4300000)
 Metaspace       used 16108K, committed 16704K, reserved 1114112K
  class space    used 1626K, committed 1856K, reserved 1048576K
}
Event: 6.335 GC heap after
{Heap after GC invocations=4 (full 0):
 PSYoungGen      total 29696K, used 4083K [0x00000000eab00000, 0x00000000ecc00000, 0x0000000100000000)
  eden space 25600K, 0% used [0x00000000eab00000,0x00000000eab00000,0x00000000ec400000)
  from space 4096K, 99% used [0x00000000ec800000,0x00000000ecbfcc00,0x00000000ecc00000)
  to   space 4096K, 0% used [0x00000000ec400000,0x00000000ec400000,0x00000000ec800000)
 ParOldGen       total 68608K, used 5321K [0x00000000c0000000, 0x00000000c4300000, 0x00000000eab00000)
  object space 68608K, 7% used [0x00000000c0000000,0x00000000c0532428,0x00000000c4300000)
 Metaspace       used 16108K, committed 16704K, reserved 1114112K
  class space    used 1626K, committed 1856K, reserved 1048576K
}
Event: 6.764 GC heap before
{Heap before GC invocations=5 (full 0):
 PSYoungGen      total 29696K, used 29512K [0x00000000eab00000, 0x00000000ecc00000, 0x0000000100000000)
  eden space 25600K, 99% used [0x00000000eab00000,0x00000000ec3d57b0,0x00000000ec400000)
  from space 4096K, 99% used [0x00000000ec800000,0x00000000ecbfcc00,0x00000000ecc00000)
  to   space 4096K, 0% used [0x00000000ec400000,0x00000000ec400000,0x00000000ec800000)
 ParOldGen       total 68608K, used 5321K [0x00000000c0000000, 0x00000000c4300000, 0x00000000eab00000)
  object space 68608K, 7% used [0x00000000c0000000,0x00000000c0532428,0x00000000c4300000)
 Metaspace       used 20317K, committed 20928K, reserved 1114112K
  class space    used 1935K, committed 2176K, reserved 1048576K
}
Event: 6.778 GC heap after
{Heap after GC invocations=5 (full 0):
 PSYoungGen      total 29184K, used 4070K [0x00000000eab00000, 0x00000000ece80000, 0x0000000100000000)
  eden space 25088K, 0% used [0x00000000eab00000,0x00000000eab00000,0x00000000ec380000)
  from space 4096K, 99% used [0x00000000ec400000,0x00000000ec7f9ad8,0x00000000ec800000)
  to   space 5632K, 0% used [0x00000000ec900000,0x00000000ec900000,0x00000000ece80000)
 ParOldGen       total 68608K, used 5595K [0x00000000c0000000, 0x00000000c4300000, 0x00000000eab00000)
  object space 68608K, 8% used [0x00000000c0000000,0x00000000c0576c08,0x00000000c4300000)
 Metaspace       used 20317K, committed 20928K, reserved 1114112K
  class space    used 1935K, committed 2176K, reserved 1048576K
}
Event: 7.111 GC heap before
{Heap before GC invocations=6 (full 0):
 PSYoungGen      total 29184K, used 21801K [0x00000000eab00000, 0x00000000ece80000, 0x0000000100000000)
  eden space 25088K, 70% used [0x00000000eab00000,0x00000000ebc50c20,0x00000000ec380000)
  from space 4096K, 99% used [0x00000000ec400000,0x00000000ec7f9ad8,0x00000000ec800000)
  to   space 5632K, 0% used [0x00000000ec900000,0x00000000ec900000,0x00000000ece80000)
 ParOldGen       total 68608K, used 5595K [0x00000000c0000000, 0x00000000c4300000, 0x00000000eab00000)
  object space 68608K, 8% used [0x00000000c0000000,0x00000000c0576c08,0x00000000c4300000)
 Metaspace       used 20923K, committed 21504K, reserved 1114112K
  class space    used 1957K, committed 2176K, reserved 1048576K
}
Event: 7.124 GC heap after
{Heap after GC invocations=6 (full 0):
 PSYoungGen      total 30720K, used 5069K [0x00000000eab00000, 0x00000000ece80000, 0x0000000100000000)
  eden space 25088K, 0% used [0x00000000eab00000,0x00000000eab00000,0x00000000ec380000)
  from space 5632K, 90% used [0x00000000ec900000,0x00000000ecdf3720,0x00000000ece80000)
  to   space 5632K, 0% used [0x00000000ec380000,0x00000000ec380000,0x00000000ec900000)
 ParOldGen       total 68608K, used 6384K [0x00000000c0000000, 0x00000000c4300000, 0x00000000eab00000)
  object space 68608K, 9% used [0x00000000c0000000,0x00000000c063c118,0x00000000c4300000)
 Metaspace       used 20923K, committed 21504K, reserved 1114112K
  class space    used 1957K, committed 2176K, reserved 1048576K
}
Event: 7.124 GC heap before
{Heap before GC invocations=7 (full 1):
 PSYoungGen      total 30720K, used 5069K [0x00000000eab00000, 0x00000000ece80000, 0x0000000100000000)
  eden space 25088K, 0% used [0x00000000eab00000,0x00000000eab00000,0x00000000ec380000)
  from space 5632K, 90% used [0x00000000ec900000,0x00000000ecdf3720,0x00000000ece80000)
  to   space 5632K, 0% used [0x00000000ec380000,0x00000000ec380000,0x00000000ec900000)
 ParOldGen       total 68608K, used 6384K [0x00000000c0000000, 0x00000000c4300000, 0x00000000eab00000)
  object space 68608K, 9% used [0x00000000c0000000,0x00000000c063c118,0x00000000c4300000)
 Metaspace       used 20923K, committed 21504K, reserved 1114112K
  class space    used 1957K, committed 2176K, reserved 1048576K
}
Event: 7.179 GC heap after
{Heap after GC invocations=7 (full 1):
 PSYoungGen      total 30720K, used 0K [0x00000000eab00000, 0x00000000ece80000, 0x0000000100000000)
  eden space 25088K, 0% used [0x00000000eab00000,0x00000000eab00000,0x00000000ec380000)
  from space 5632K, 0% used [0x00000000ec900000,0x00000000ec900000,0x00000000ece80000)
  to   space 5632K, 0% used [0x00000000ec380000,0x00000000ec380000,0x00000000ec900000)
 ParOldGen       total 68608K, used 9735K [0x00000000c0000000, 0x00000000c4300000, 0x00000000eab00000)
  object space 68608K, 14% used [0x00000000c0000000,0x00000000c0981d80,0x00000000c4300000)
 Metaspace       used 20910K, committed 21504K, reserved 1114112K
  class space    used 1953K, committed 2176K, reserved 1048576K
}
Event: 8.740 GC heap before
{Heap before GC invocations=8 (full 1):
 PSYoungGen      total 30720K, used 25088K [0x00000000eab00000, 0x00000000ece80000, 0x0000000100000000)
  eden space 25088K, 100% used [0x00000000eab00000,0x00000000ec380000,0x00000000ec380000)
  from space 5632K, 0% used [0x00000000ec900000,0x00000000ec900000,0x00000000ece80000)
  to   space 5632K, 0% used [0x00000000ec380000,0x00000000ec380000,0x00000000ec900000)
 ParOldGen       total 68608K, used 9735K [0x00000000c0000000, 0x00000000c4300000, 0x00000000eab00000)
  object space 68608K, 14% used [0x00000000c0000000,0x00000000c0981d80,0x00000000c4300000)
 Metaspace       used 25191K, committed 25920K, reserved 1114112K
  class space    used 2394K, committed 2688K, reserved 1048576K
}
Event: 8.746 GC heap after
{Heap after GC invocations=8 (full 1):
 PSYoungGen      total 27136K, used 2348K [0x00000000eab00000, 0x00000000eca00000, 0x0000000100000000)
  eden space 24576K, 0% used [0x00000000eab00000,0x00000000eab00000,0x00000000ec300000)
  from space 2560K, 91% used [0x00000000ec380000,0x00000000ec5cb3a0,0x00000000ec600000)
  to   space 3584K, 0% used [0x00000000ec680000,0x00000000ec680000,0x00000000eca00000)
 ParOldGen       total 68608K, used 9743K [0x00000000c0000000, 0x00000000c4300000, 0x00000000eab00000)
  object space 68608K, 14% used [0x00000000c0000000,0x00000000c0983d80,0x00000000c4300000)
 Metaspace       used 25191K, committed 25920K, reserved 1114112K
  class space    used 2394K, committed 2688K, reserved 1048576K
}

Dll operation events (12 events):
Event: 0.014 Loaded shared library c:\Users\Admin\.vscode\extensions\redhat.java-1.42.0-win32-x64\jre\21.0.7-win32-x86_64\bin\java.dll
Event: 0.140 Loaded shared library c:\Users\Admin\.vscode\extensions\redhat.java-1.42.0-win32-x64\jre\21.0.7-win32-x86_64\bin\zip.dll
Event: 0.186 Loaded shared library C:\Users\Admin\.vscode\extensions\redhat.java-1.42.0-win32-x64\jre\21.0.7-win32-x86_64\bin\instrument.dll
Event: 0.192 Loaded shared library C:\Users\Admin\.vscode\extensions\redhat.java-1.42.0-win32-x64\jre\21.0.7-win32-x86_64\bin\net.dll
Event: 0.195 Loaded shared library C:\Users\Admin\.vscode\extensions\redhat.java-1.42.0-win32-x64\jre\21.0.7-win32-x86_64\bin\nio.dll
Event: 0.203 Loaded shared library C:\Users\Admin\.vscode\extensions\redhat.java-1.42.0-win32-x64\jre\21.0.7-win32-x86_64\bin\zip.dll
Event: 0.230 Loaded shared library C:\Users\Admin\.vscode\extensions\redhat.java-1.42.0-win32-x64\jre\21.0.7-win32-x86_64\bin\jimage.dll
Event: 0.376 Loaded shared library c:\Users\Admin\.vscode\extensions\redhat.java-1.42.0-win32-x64\jre\21.0.7-win32-x86_64\bin\verify.dll
Event: 4.329 Loaded shared library C:\Users\Admin\AppData\Roaming\Code\User\globalStorage\redhat.java\1.42.0\config_ss_win\org.eclipse.equinox.launcher\org.eclipse.equinox.launcher.win32.win32.x86_64_1.2.1300.v20250331-1702\eclipse_11911.dll
Event: 5.777 Loaded shared library C:\Users\Admin\.vscode\extensions\redhat.java-1.42.0-win32-x64\jre\21.0.7-win32-x86_64\bin\management.dll
Event: 5.782 Loaded shared library C:\Users\Admin\.vscode\extensions\redhat.java-1.42.0-win32-x64\jre\21.0.7-win32-x86_64\bin\management_ext.dll
Event: 8.539 Loaded shared library C:\Users\Admin\AppData\Local\Temp\jna-63116079\jna16863473953811172592.dll

Deoptimization events (20 events):
Event: 8.678 Thread 0x000001d004dbf620 Uncommon trap: trap_request=0xffffffde fr.pc=0x000001d00fbc4ccc relative=0x000000000000012c
Event: 8.678 Thread 0x000001d004dbf620 Uncommon trap: reason=class_check action=maybe_recompile pc=0x000001d00fbc4ccc method=jdk.internal.misc.Unsafe.allocateUninitializedArray(Ljava/lang/Class;I)Ljava/lang/Object; @ 51 c2
Event: 8.678 Thread 0x000001d004dbf620 DEOPT PACKING pc=0x000001d00fbc4ccc sp=0x00000044e97fe770
Event: 8.678 Thread 0x000001d004dbf620 DEOPT UNPACKING pc=0x000001d00f543aa2 sp=0x00000044e97fe6e8 mode 2
Event: 9.112 Thread 0x000001d004dbf620 Uncommon trap: trap_request=0xffffff45 fr.pc=0x000001d00fbd3358 relative=0x00000000000019b8
Event: 9.112 Thread 0x000001d004dbf620 Uncommon trap: reason=unstable_if action=reinterpret pc=0x000001d00fbd3358 method=jdk.internal.org.objectweb.asm.Frame.execute(IILjdk/internal/org/objectweb/asm/Symbol;Ljdk/internal/org/objectweb/asm/SymbolTable;)V @ 1 c2
Event: 9.112 Thread 0x000001d004dbf620 DEOPT PACKING pc=0x000001d00fbd3358 sp=0x00000044e97fe0e0
Event: 9.112 Thread 0x000001d004dbf620 DEOPT UNPACKING pc=0x000001d00f543aa2 sp=0x00000044e97fe048 mode 2
Event: 9.144 Thread 0x000001d004dbf620 Uncommon trap: trap_request=0xffffff45 fr.pc=0x000001d00facea48 relative=0x00000000000000a8
Event: 9.144 Thread 0x000001d004dbf620 Uncommon trap: reason=unstable_if action=reinterpret pc=0x000001d00facea48 method=java.lang.CharacterDataLatin1.digit(II)I @ 7 c2
Event: 9.144 Thread 0x000001d004dbf620 DEOPT PACKING pc=0x000001d00facea48 sp=0x00000044e97fe2f0
Event: 9.144 Thread 0x000001d004dbf620 DEOPT UNPACKING pc=0x000001d00f543aa2 sp=0x00000044e97fe270 mode 2
Event: 9.155 Thread 0x000001d004dbf620 Uncommon trap: trap_request=0xffffff76 fr.pc=0x000001d00fbbe380 relative=0x0000000000000940
Event: 9.155 Thread 0x000001d004dbf620 Uncommon trap: reason=predicate action=maybe_recompile pc=0x000001d00fbbe380 method=java.util.TreeMap.put(Ljava/lang/Object;Ljava/lang/Object;Z)Ljava/lang/Object; @ 27 c2
Event: 9.155 Thread 0x000001d004dbf620 DEOPT PACKING pc=0x000001d00fbbe380 sp=0x00000044e97fe000
Event: 9.155 Thread 0x000001d004dbf620 DEOPT UNPACKING pc=0x000001d00f543aa2 sp=0x00000044e97fdfa0 mode 2
Event: 9.226 Thread 0x000001d004dbf620 Uncommon trap: trap_request=0xffffff45 fr.pc=0x000001d00fac5348 relative=0x00000000000002a8
Event: 9.226 Thread 0x000001d004dbf620 Uncommon trap: reason=unstable_if action=reinterpret pc=0x000001d00fac5348 method=java.util.HashMap$HashIterator.<init>(Ljava/util/HashMap;)V @ 45 c2
Event: 9.226 Thread 0x000001d004dbf620 DEOPT PACKING pc=0x000001d00fac5348 sp=0x00000044e97fe480
Event: 9.226 Thread 0x000001d004dbf620 DEOPT UNPACKING pc=0x000001d00f543aa2 sp=0x00000044e97fe418 mode 2

Classes loaded (20 events):
Event: 9.153 Loading class sun/util/locale/provider/CalendarNameProviderImpl done
Event: 9.153 Loading class sun/util/cldr/CLDRCalendarNameProviderImpl done
Event: 9.155 Loading class sun/util/locale/provider/CalendarNameProviderImpl$LengthBasedComparator
Event: 9.155 Loading class sun/util/locale/provider/CalendarNameProviderImpl$LengthBasedComparator done
Event: 9.219 Loading class sun/nio/ch/PendingFuture
Event: 9.220 Loading class sun/nio/ch/PendingFuture done
Event: 9.220 Loading class sun/nio/ch/WindowsAsynchronousFileChannelImpl$ReadTask
Event: 9.220 Loading class sun/nio/ch/Iocp$ResultHandler
Event: 9.220 Loading class sun/nio/ch/Iocp$ResultHandler done
Event: 9.220 Loading class sun/nio/ch/WindowsAsynchronousFileChannelImpl$ReadTask done
Event: 9.221 Loading class java/io/PrintWriter$1
Event: 9.221 Loading class jdk/internal/access/JavaIOPrintWriterAccess
Event: 9.221 Loading class jdk/internal/access/JavaIOPrintWriterAccess done
Event: 9.221 Loading class java/io/PrintWriter$1 done
Event: 9.223 Loading class java/time/format/DateTimeParseContext
Event: 9.223 Loading class java/time/format/DateTimeParseContext done
Event: 9.223 Loading class java/time/format/Parsed
Event: 9.224 Loading class java/time/format/Parsed done
Event: 9.226 Loading class java/time/temporal/TemporalAdjusters
Event: 9.227 Loading class java/time/temporal/TemporalAdjusters done

Classes unloaded (7 events):
Event: 7.135 Thread 0x000001d05a10bf20 Unloading class 0x000001d01a185000 'java/lang/invoke/LambdaForm$MH+0x000001d01a185000'
Event: 7.135 Thread 0x000001d05a10bf20 Unloading class 0x000001d01a184c00 'java/lang/invoke/LambdaForm$MH+0x000001d01a184c00'
Event: 7.135 Thread 0x000001d05a10bf20 Unloading class 0x000001d01a184800 'java/lang/invoke/LambdaForm$MH+0x000001d01a184800'
Event: 7.135 Thread 0x000001d05a10bf20 Unloading class 0x000001d01a184400 'java/lang/invoke/LambdaForm$MH+0x000001d01a184400'
Event: 7.135 Thread 0x000001d05a10bf20 Unloading class 0x000001d01a184000 'java/lang/invoke/LambdaForm$BMH+0x000001d01a184000'
Event: 7.135 Thread 0x000001d05a10bf20 Unloading class 0x000001d01a183c00 'java/lang/invoke/LambdaForm$DMH+0x000001d01a183c00'
Event: 7.135 Thread 0x000001d05a10bf20 Unloading class 0x000001d01a182800 'java/lang/invoke/LambdaForm$DMH+0x000001d01a182800'

Classes redefined (0 events):
No events

Internal exceptions (20 events):
Event: 8.642 Thread 0x000001d05fb49040 Exception <a 'java/lang/NoSuchMethodError'{0x00000000ebf25f30}: 'void java.lang.invoke.DirectMethodHandle$Holder.invokeSpecial(java.lang.Object, java.lang.Object, java.lang.Object, int)'> (0x00000000ebf25f30) 
thrown [s\src\hotspot\share\interpreter\linkResolver.cpp, line 773]
Event: 8.642 Thread 0x000001d05fb49040 Exception <a 'java/lang/NoSuchMethodError'{0x00000000ebf29610}: 'void java.lang.invoke.DelegatingMethodHandle$Holder.reinvoke_L(java.lang.Object, java.lang.Object, int)'> (0x00000000ebf29610) 
thrown [s\src\hotspot\share\interpreter\linkResolver.cpp, line 773]
Event: 8.643 Thread 0x000001d05fb49040 Exception <a 'java/lang/NoSuchMethodError'{0x00000000ebf30048}: 'int java.lang.invoke.Invokers$Holder.invokeExact_MT(java.lang.Object, java.lang.Object, java.lang.Object)'> (0x00000000ebf30048) 
thrown [s\src\hotspot\share\interpreter\linkResolver.cpp, line 773]
Event: 8.646 Thread 0x000001d05fb49040 Exception <a 'java/lang/UnsatisfiedLinkError'{0x00000000ebf43b28}: The specified procedure could not be found.
> (0x00000000ebf43b28) 
thrown [s\src\hotspot\share\prims\jni.cpp, line 539]
Event: 8.654 Thread 0x000001d05fb49040 Exception <a 'java/lang/NoSuchMethodError'{0x00000000ebf4fb10}: 'void java.lang.invoke.Invokers$Holder.invokeExact_MT(java.lang.Object, java.lang.Object, int, java.lang.Object)'> (0x00000000ebf4fb10) 
thrown [s\src\hotspot\share\interpreter\linkResolver.cpp, line 773]
Event: 8.735 Thread 0x000001d004dbf620 Exception <a 'java/lang/NoSuchMethodError'{0x00000000ec2ec258}: 'java.lang.Object java.lang.invoke.DirectMethodHandle$Holder.invokeStatic(java.lang.Object, long, java.lang.Object)'> (0x00000000ec2ec258) 
thrown [s\src\hotspot\share\interpreter\linkResolver.cpp, line 773]
Event: 8.736 Thread 0x000001d004dbf620 Exception <a 'java/lang/NoSuchMethodError'{0x00000000ec2ef8f0}: 'java.lang.Object java.lang.invoke.DirectMethodHandle$Holder.invokeStaticInit(java.lang.Object, long, java.lang.Object)'> (0x00000000ec2ef8f0) 
thrown [s\src\hotspot\share\interpreter\linkResolver.cpp, line 773]
Event: 8.736 Thread 0x000001d004dbf620 Exception <a 'java/lang/NoSuchMethodError'{0x00000000ec33ef28}: 'java.lang.Object java.lang.invoke.DirectMethodHandle$Holder.newInvokeSpecial(java.lang.Object, long)'> (0x00000000ec33ef28) 
thrown [s\src\hotspot\share\interpreter\linkResolver.cpp, line 773]
Event: 8.781 Thread 0x000001d05f16e980 Exception <a 'java/io/FileNotFoundException'{0x00000000eacc4e78}> (0x00000000eacc4e78) 
thrown [s\src\hotspot\share\prims\jni.cpp, line 520]
Event: 8.782 Thread 0x000001d05f16e980 Exception <a 'java/io/FileNotFoundException'{0x00000000eacc6100}> (0x00000000eacc6100) 
thrown [s\src\hotspot\share\prims\jni.cpp, line 520]
Event: 8.784 Thread 0x000001d05f16e980 Exception <a 'java/lang/NoSuchMethodError'{0x00000000eacf5908}: 'java.lang.Object java.lang.invoke.DirectMethodHandle$Holder.newInvokeSpecial(java.lang.Object, java.lang.Object, java.lang.Object, int)'> (0x00000000eacf5908) 
thrown [s\src\hotspot\share\interpreter\linkResolver.cpp, line 773]
Event: 8.785 Thread 0x000001d05f16e980 Exception <a 'java/lang/NoSuchMethodError'{0x00000000eacf95c0}: 'java.lang.Object java.lang.invoke.DirectMethodHandle$Holder.invokeSpecial(java.lang.Object, java.lang.Object, java.lang.Object, java.lang.Object, int)'> (0x00000000eacf95c0) 
thrown [s\src\hotspot\share\interpreter\linkResolver.cpp, line 773]
Event: 8.785 Thread 0x000001d05f16e980 Exception <a 'java/lang/NoSuchMethodError'{0x00000000ead0f858}: 'java.lang.Object java.lang.invoke.Invokers$Holder.linkToTargetMethod(java.lang.Object, java.lang.Object, int, java.lang.Object)'> (0x00000000ead0f858) 
thrown [s\src\hotspot\share\interpreter\linkResolver.cpp, line 773]
Event: 8.788 Thread 0x000001d05f16e980 Exception <a 'java/lang/NoSuchMethodError'{0x00000000ead26f48}: 'void java.lang.invoke.DirectMethodHandle$Holder.invokeStaticInit(java.lang.Object, java.lang.Object, java.lang.Object)'> (0x00000000ead26f48) 
thrown [s\src\hotspot\share\interpreter\linkResolver.cpp, line 773]
Event: 8.792 Thread 0x000001d05f16e980 Exception <a 'java/io/FileNotFoundException'{0x00000000ead7a320}> (0x00000000ead7a320) 
thrown [s\src\hotspot\share\prims\jni.cpp, line 520]
Event: 8.793 Thread 0x000001d05f16e980 Exception <a 'java/io/FileNotFoundException'{0x00000000ead7b070}> (0x00000000ead7b070) 
thrown [s\src\hotspot\share\prims\jni.cpp, line 520]
Event: 9.068 Thread 0x000001d004dbf620 Exception <a 'java/lang/NoSuchMethodError'{0x00000000eb729958}: 'void java.lang.invoke.DirectMethodHandle$Holder.invokeSpecial(java.lang.Object, java.lang.Object, java.lang.Object, java.lang.Object, java.lang.Object, java.lang.Object)'> (0x00000000eb729958) 
thrown [s\src\hotspot\share\interpreter\linkResolver.cpp, line 773]
Event: 9.078 Thread 0x000001d004dbf620 Exception <a 'java/lang/IncompatibleClassChangeError'{0x00000000eb731c38}: Found class java.lang.Object, but interface was expected> (0x00000000eb731c38) 
thrown [s\src\hotspot\share\interpreter\linkResolver.cpp, line 840]
Event: 9.080 Thread 0x000001d004dbf620 Exception <a 'java/lang/IncompatibleClassChangeError'{0x00000000eb733b38}: Found class java.lang.Object, but interface was expected> (0x00000000eb733b38) 
thrown [s\src\hotspot\share\interpreter\linkResolver.cpp, line 840]
Event: 9.228 Thread 0x000001d004dbf620 Exception <a 'java/lang/NoSuchMethodError'{0x00000000eb8914e0}: 'java.lang.Object java.lang.invoke.DirectMethodHandle$Holder.invokeStatic(java.lang.Object, int, java.lang.Object)'> (0x00000000eb8914e0) 
thrown [s\src\hotspot\share\interpreter\linkResolver.cpp, line 773]

ZGC Phase Switch (0 events):
No events

VM Operations (20 events):
Event: 7.204 Executing VM operation: HandshakeAllThreads (Deoptimize)
Event: 7.204 Executing VM operation: HandshakeAllThreads (Deoptimize) done
Event: 7.429 Executing VM operation: HandshakeAllThreads (Deoptimize)
Event: 7.480 Executing VM operation: HandshakeAllThreads (Deoptimize) done
Event: 7.683 Executing VM operation: HandshakeAllThreads (Deoptimize)
Event: 7.683 Executing VM operation: HandshakeAllThreads (Deoptimize) done
Event: 7.703 Executing VM operation: HandshakeAllThreads (Deoptimize)
Event: 7.703 Executing VM operation: HandshakeAllThreads (Deoptimize) done
Event: 7.705 Executing VM operation: HandshakeAllThreads (Deoptimize)
Event: 7.705 Executing VM operation: HandshakeAllThreads (Deoptimize) done
Event: 8.088 Executing VM operation: HandshakeAllThreads (Deoptimize)
Event: 8.088 Executing VM operation: HandshakeAllThreads (Deoptimize) done
Event: 8.246 Executing VM operation: HandshakeAllThreads (Deoptimize)
Event: 8.246 Executing VM operation: HandshakeAllThreads (Deoptimize) done
Event: 8.246 Executing VM operation: Cleanup
Event: 8.246 Executing VM operation: Cleanup done
Event: 8.566 Executing VM operation: HandshakeAllThreads (Deoptimize)
Event: 8.566 Executing VM operation: HandshakeAllThreads (Deoptimize) done
Event: 8.739 Executing VM operation: ParallelGCFailedAllocation (Allocation Failure)
Event: 8.746 Executing VM operation: ParallelGCFailedAllocation (Allocation Failure) done

Memory protections (0 events):
No events

Nmethod flushes (0 events):
No events

Events (20 events):
Event: 4.080 Thread 0x000001d05f734fc0 Thread exited: 0x000001d05f734fc0
Event: 4.317 Thread 0x000001d004dbf620 Thread added: 0x000001d05fb489e0
Event: 4.321 Thread 0x000001d004dbf620 Thread added: 0x000001d05fb49040
Event: 4.373 Thread 0x000001d05fb49040 Thread added: 0x000001d05fb5e530
Event: 4.670 Thread 0x000001d05fb49040 Thread added: 0x000001d05fbbccc0
Event: 5.378 Thread 0x000001d05fb49040 Thread added: 0x000001d05fdde820
Event: 5.959 Thread 0x000001d05fb49040 Thread added: 0x000001d05f16e980
Event: 5.989 Thread 0x000001d05fb49040 Thread added: 0x000001d05f36e860
Event: 7.325 Thread 0x000001d05fb49040 Thread added: 0x000001d0604f4810
Event: 7.541 Thread 0x000001d0604f4810 Thread exited: 0x000001d0604f4810
Event: 8.577 Thread 0x000001d05fb49040 Thread added: 0x000001d0604f4ea0
Event: 8.756 Thread 0x000001d004dbf620 Thread added: 0x000001d0604f3af0
Event: 8.756 Thread 0x000001d004dbf620 Thread added: 0x000001d0604f5530
Event: 8.756 Thread 0x000001d004dbf620 Thread added: 0x000001d0604f68e0
Event: 8.757 Thread 0x000001d004dbf620 Thread added: 0x000001d0604f5bc0
Event: 8.757 Thread 0x000001d004dbf620 Thread added: 0x000001d0604f6250
Event: 8.776 Thread 0x000001d004dbf620 Thread added: 0x000001d0604f6f70
Event: 8.789 Thread 0x000001d05f36e860 Thread added: 0x000001d0604f4180
Event: 9.140 Thread 0x000001d004dbf620 Thread added: 0x000001d0604f4810
Event: 9.140 Thread 0x000001d004dbf620 Thread added: 0x000001d0602295f0


Dynamic libraries:
0x00007ff625c70000 - 0x00007ff625c7e000 	c:\Users\Admin\.vscode\extensions\redhat.java-1.42.0-win32-x64\jre\21.0.7-win32-x86_64\bin\java.exe
0x00007ff9fd1f0000 - 0x00007ff9fd3e8000 	C:\Windows\SYSTEM32\ntdll.dll
0x00007ff9fb9d0000 - 0x00007ff9fba92000 	C:\Windows\System32\KERNEL32.DLL
0x00007ff9fabc0000 - 0x00007ff9faeb6000 	C:\Windows\System32\KERNELBASE.dll
0x00007ff9fb070000 - 0x00007ff9fb170000 	C:\Windows\System32\ucrtbase.dll
0x00007ff9f6b10000 - 0x00007ff9f6b2e000 	c:\Users\Admin\.vscode\extensions\redhat.java-1.42.0-win32-x64\jre\21.0.7-win32-x86_64\bin\VCRUNTIME140.dll
0x00007ff9f6d10000 - 0x00007ff9f6d28000 	c:\Users\Admin\.vscode\extensions\redhat.java-1.42.0-win32-x64\jre\21.0.7-win32-x86_64\bin\jli.dll
0x00007ff9fbe50000 - 0x00007ff9fbfed000 	C:\Windows\System32\USER32.dll
0x00007ff9fa890000 - 0x00007ff9fa8b2000 	C:\Windows\System32\win32u.dll
0x00007ff9e88f0000 - 0x00007ff9e8b8a000 	C:\Windows\WinSxS\amd64_microsoft.windows.common-controls_6595b64144ccf1df_6.0.19041.5794_none_60bcd33171f2783c\COMCTL32.dll
0x00007ff9fb640000 - 0x00007ff9fb66b000 	C:\Windows\System32\GDI32.dll
0x00007ff9fb3f0000 - 0x00007ff9fb48e000 	C:\Windows\System32\msvcrt.dll
0x00007ff9fa940000 - 0x00007ff9faa5a000 	C:\Windows\System32\gdi32full.dll
0x00007ff9faec0000 - 0x00007ff9faf5d000 	C:\Windows\System32\msvcp_win.dll
0x00007ff9fc310000 - 0x00007ff9fc33f000 	C:\Windows\System32\IMM32.DLL
0x00007ff9f71d0000 - 0x00007ff9f71dc000 	c:\Users\Admin\.vscode\extensions\redhat.java-1.42.0-win32-x64\jre\21.0.7-win32-x86_64\bin\vcruntime140_1.dll
0x00007ff9f6a80000 - 0x00007ff9f6b0d000 	c:\Users\Admin\.vscode\extensions\redhat.java-1.42.0-win32-x64\jre\21.0.7-win32-x86_64\bin\msvcp140.dll
0x00007ff9ac8b0000 - 0x00007ff9ad640000 	c:\Users\Admin\.vscode\extensions\redhat.java-1.42.0-win32-x64\jre\21.0.7-win32-x86_64\bin\server\jvm.dll
0x00007ff9fc8e0000 - 0x00007ff9fc98f000 	C:\Windows\System32\ADVAPI32.dll
0x00007ff9fc9a0000 - 0x00007ff9fca3f000 	C:\Windows\System32\sechost.dll
0x00007ff9fbb70000 - 0x00007ff9fbc93000 	C:\Windows\System32\RPCRT4.dll
0x00007ff9fafb0000 - 0x00007ff9fafd7000 	C:\Windows\System32\bcrypt.dll
0x00007ff9fbaa0000 - 0x00007ff9fbb0b000 	C:\Windows\System32\WS2_32.dll
0x00007ff9fa6f0000 - 0x00007ff9fa73b000 	C:\Windows\SYSTEM32\POWRPROF.dll
0x00007ff9e88a0000 - 0x00007ff9e88c7000 	C:\Windows\SYSTEM32\WINMM.dll
0x00007ff9ebf80000 - 0x00007ff9ebf8a000 	C:\Windows\SYSTEM32\VERSION.dll
0x00007ff9fa6d0000 - 0x00007ff9fa6e2000 	C:\Windows\SYSTEM32\UMPDC.dll
0x00007ff9f90b0000 - 0x00007ff9f90c2000 	C:\Windows\SYSTEM32\kernel.appcore.dll
0x00007ff9f6d00000 - 0x00007ff9f6d0a000 	c:\Users\Admin\.vscode\extensions\redhat.java-1.42.0-win32-x64\jre\21.0.7-win32-x86_64\bin\jimage.dll
0x00007ff9e98a0000 - 0x00007ff9e9aa1000 	C:\Windows\SYSTEM32\DBGHELP.DLL
0x00007ff9e2e40000 - 0x00007ff9e2e74000 	C:\Windows\SYSTEM32\dbgcore.DLL
0x00007ff9fafe0000 - 0x00007ff9fb062000 	C:\Windows\System32\bcryptPrimitives.dll
0x00007ff9f6a70000 - 0x00007ff9f6a7f000 	c:\Users\Admin\.vscode\extensions\redhat.java-1.42.0-win32-x64\jre\21.0.7-win32-x86_64\bin\instrument.dll
0x00007ff9f6a50000 - 0x00007ff9f6a6f000 	c:\Users\Admin\.vscode\extensions\redhat.java-1.42.0-win32-x64\jre\21.0.7-win32-x86_64\bin\java.dll
0x00007ff9fca40000 - 0x00007ff9fd1ae000 	C:\Windows\System32\SHELL32.dll
0x00007ff9f88f0000 - 0x00007ff9f9093000 	C:\Windows\SYSTEM32\windows.storage.dll
0x00007ff9fb670000 - 0x00007ff9fb9c3000 	C:\Windows\System32\combase.dll
0x00007ff9fa1f0000 - 0x00007ff9fa21b000 	C:\Windows\SYSTEM32\Wldp.dll
0x00007ff9fc240000 - 0x00007ff9fc30d000 	C:\Windows\System32\OLEAUT32.dll
0x00007ff9fc130000 - 0x00007ff9fc1dd000 	C:\Windows\System32\SHCORE.dll
0x00007ff9fbb10000 - 0x00007ff9fbb65000 	C:\Windows\System32\shlwapi.dll
0x00007ff9fa7c0000 - 0x00007ff9fa7e5000 	C:\Windows\SYSTEM32\profapi.dll
0x00007ff9f6a30000 - 0x00007ff9f6a48000 	c:\Users\Admin\.vscode\extensions\redhat.java-1.42.0-win32-x64\jre\21.0.7-win32-x86_64\bin\zip.dll
0x00007ff9f6a20000 - 0x00007ff9f6a30000 	C:\Users\Admin\.vscode\extensions\redhat.java-1.42.0-win32-x64\jre\21.0.7-win32-x86_64\bin\net.dll
0x00007ff9f2a70000 - 0x00007ff9f2b7a000 	C:\Windows\SYSTEM32\WINHTTP.dll
0x00007ff9f9f50000 - 0x00007ff9f9fbc000 	C:\Windows\system32\mswsock.dll
0x00007ff9f69a0000 - 0x00007ff9f69b6000 	C:\Users\Admin\.vscode\extensions\redhat.java-1.42.0-win32-x64\jre\21.0.7-win32-x86_64\bin\nio.dll
0x00007ff9f6990000 - 0x00007ff9f69a0000 	c:\Users\Admin\.vscode\extensions\redhat.java-1.42.0-win32-x64\jre\21.0.7-win32-x86_64\bin\verify.dll
0x00007ff9f68e0000 - 0x00007ff9f6925000 	C:\Users\Admin\AppData\Roaming\Code\User\globalStorage\redhat.java\1.42.0\config_ss_win\org.eclipse.equinox.launcher\org.eclipse.equinox.launcher.win32.win32.x86_64_1.2.1300.v20250331-1702\eclipse_11911.dll
0x00007ff9fc7b0000 - 0x00007ff9fc8db000 	C:\Windows\System32\ole32.dll
0x00007ff9f6980000 - 0x00007ff9f698a000 	C:\Users\Admin\.vscode\extensions\redhat.java-1.42.0-win32-x64\jre\21.0.7-win32-x86_64\bin\management.dll
0x00007ff9f6970000 - 0x00007ff9f697b000 	C:\Users\Admin\.vscode\extensions\redhat.java-1.42.0-win32-x64\jre\21.0.7-win32-x86_64\bin\management_ext.dll
0x00007ff9fbe40000 - 0x00007ff9fbe48000 	C:\Windows\System32\PSAPI.DLL
0x00007ff9fa140000 - 0x00007ff9fa158000 	C:\Windows\SYSTEM32\CRYPTSP.dll
0x00007ff9f9870000 - 0x00007ff9f98a8000 	C:\Windows\system32\rsaenh.dll
0x00007ff9fa780000 - 0x00007ff9fa7ae000 	C:\Windows\SYSTEM32\USERENV.dll
0x00007ff9fa160000 - 0x00007ff9fa16c000 	C:\Windows\SYSTEM32\CRYPTBASE.dll
0x00007ff9f9c30000 - 0x00007ff9f9c6b000 	C:\Windows\SYSTEM32\IPHLPAPI.DLL
0x00007ff9fc990000 - 0x00007ff9fc998000 	C:\Windows\System32\NSI.dll
0x00007ff9e9e20000 - 0x00007ff9e9e69000 	C:\Users\Admin\AppData\Local\Temp\jna-63116079\jna16863473953811172592.dll
0x00007ff9f4930000 - 0x00007ff9f4947000 	C:\Windows\SYSTEM32\dhcpcsvc6.DLL
0x00007ff9f4910000 - 0x00007ff9f492d000 	C:\Windows\SYSTEM32\dhcpcsvc.DLL

dbghelp: loaded successfully - version: 4.0.5 - missing functions: none
symbol engine: initialized successfully - sym options: 0x614 - pdb path: .;c:\Users\Admin\.vscode\extensions\redhat.java-1.42.0-win32-x64\jre\21.0.7-win32-x86_64\bin;C:\Windows\SYSTEM32;C:\Windows\WinSxS\amd64_microsoft.windows.common-controls_6595b64144ccf1df_6.0.19041.5794_none_60bcd33171f2783c;c:\Users\Admin\.vscode\extensions\redhat.java-1.42.0-win32-x64\jre\21.0.7-win32-x86_64\bin\server;C:\Users\Admin\AppData\Roaming\Code\User\globalStorage\redhat.java\1.42.0\config_ss_win\org.eclipse.equinox.launcher\org.eclipse.equinox.launcher.win32.win32.x86_64_1.2.1300.v20250331-1702;C:\Users\Admin\AppData\Local\Temp\jna-63116079

VM Arguments:
jvm_args: --add-modules=ALL-SYSTEM --add-opens=java.base/java.util=ALL-UNNAMED --add-opens=java.base/java.lang=ALL-UNNAMED --add-opens=java.base/sun.nio.fs=ALL-UNNAMED -Declipse.application=org.eclipse.jdt.ls.core.id1 -Dosgi.bundles.defaultStartLevel=4 -Declipse.product=org.eclipse.jdt.ls.core.product -Djava.import.generatesMetadataFilesAtProjectRoot=false -DDetectVMInstallationsJob.disabled=true -Dfile.encoding=utf8 -XX:+UseParallelGC -XX:GCTimeRatio=4 -XX:AdaptiveSizePolicyWeight=90 -Dsun.zip.disableMemoryMapping=true -Xmx1G -Xms100m -Xlog:disable -javaagent:c:\Users\Admin\.vscode\extensions\redhat.java-1.42.0-win32-x64\lombok\lombok-1.18.36.jar 
java_command: c:\Users\Admin\.vscode\extensions\redhat.java-1.42.0-win32-x64\server\plugins\org.eclipse.equinox.launcher_1.7.0.v20250424-1814.jar -configuration c:\Users\Admin\AppData\Roaming\Code\User\globalStorage\redhat.java\1.42.0\config_ss_win -data c:\Users\Admin\AppData\Roaming\Code\User\workspaceStorage\044d07cebe7941a13fb9890be6efa0a1\redhat.java\ss_ws --pipe=\\.\pipe\lsp-066641a2758be22f6f3434ceadac2539-sock
java_class_path (initial): c:\Users\Admin\.vscode\extensions\redhat.java-1.42.0-win32-x64\server\plugins\org.eclipse.equinox.launcher_1.7.0.v20250424-1814.jar
Launcher Type: SUN_STANDARD

[Global flags]
    uintx AdaptiveSizePolicyWeight                 = 90                                        {product} {command line}
     intx CICompilerCount                          = 3                                         {product} {ergonomic}
    uintx GCTimeRatio                              = 4                                         {product} {command line}
   size_t InitialHeapSize                          = 104857600                                 {product} {command line}
   size_t MaxHeapSize                              = 1073741824                                {product} {command line}
   size_t MaxNewSize                               = 357564416                                 {product} {ergonomic}
   size_t MinHeapDeltaBytes                        = 524288                                    {product} {ergonomic}
   size_t MinHeapSize                              = 104857600                                 {product} {command line}
   size_t NewSize                                  = 34603008                                  {product} {ergonomic}
    uintx NonNMethodCodeHeapSize                   = 5832780                                {pd product} {ergonomic}
    uintx NonProfiledCodeHeapSize                  = 122912730                              {pd product} {ergonomic}
   size_t OldSize                                  = 70254592                                  {product} {ergonomic}
    uintx ProfiledCodeHeapSize                     = 122912730                              {pd product} {ergonomic}
    uintx ReservedCodeCacheSize                    = 251658240                              {pd product} {ergonomic}
     bool SegmentedCodeCache                       = true                                      {product} {ergonomic}
   size_t SoftMaxHeapSize                          = 1073741824                             {manageable} {ergonomic}
     bool UseCompressedOops                        = true                           {product lp64_product} {ergonomic}
     bool UseLargePagesIndividualAllocation        = false                                  {pd product} {ergonomic}
     bool UseParallelGC                            = true                                      {product} {command line}

Logging:
Log output configuration:
 #0: stdout all=off uptime,level,tags foldmultilines=false
 #1: stderr all=off uptime,level,tags foldmultilines=false

Environment Variables:
JAVA_HOME=C:\Program Files\Java\jdk-24
PATH=C:\Program Files\Common Files\Oracle\Java\javapath;C:\Windows\system32;C:\Windows;C:\Windows\System32\Wbem;C:\Windows\System32\WindowsPowerShell\v1.0\;C:\Windows\System32\OpenSSH\;C:\Program Files\Git\cmd;C:\Program Files\Apache Software Foundation\Tomcat 9.0\bin;C:\Users\Admin\AppData\Local\Microsoft\WindowsApps;C:\Users\Admin\AppData\Local\Programs\Microsoft VS Code\bin
USERNAME=Admin
OS=Windows_NT
PROCESSOR_IDENTIFIER=Intel64 Family 6 Model 69 Stepping 1, GenuineIntel
TMP=C:\Users\Admin\AppData\Local\Temp
TEMP=C:\Users\Admin\AppData\Local\Temp




Periodic native trim disabled

---------------  S Y S T E M  ---------------

OS:
 Windows 10 , 64 bit Build 19041 (10.0.19041.5794)
OS uptime: 0 days 0:14 hours

CPU: total 4 (initial active 4) (2 cores per cpu, 2 threads per core) family 6 model 69 stepping 1 microcode 0x26, cx8, cmov, fxsr, ht, mmx, sse, sse2, sse3, ssse3, sse4.1, sse4.2, popcnt, lzcnt, tsc, tscinvbit, avx, avx2, aes, erms, clmul, bmi1, bmi2, fma, vzeroupper, clflush, rdtscp, f16c
Processor Information for the first 4 processors :
  Max Mhz: 2001, Current Mhz: 1900, Mhz Limit: 2001

Memory: 4k page, system-wide physical 4036M (285M free)
TotalPageFile size 4036M (AvailPageFile size 5M)
current process WorkingSet (physical memory assigned to process): 160M, peak: 163M
current process commit charge ("private bytes"): 247M, peak: 252M

vm_info: OpenJDK 64-Bit Server VM (21.0.7+6-LTS) for windows-amd64 JRE (21.0.7+6-LTS), built on 2025-04-15T00:00:00Z by "admin" with MS VC++ 17.7 (VS2022)

END.
