#
# There is insufficient memory for the Java Runtime Environment to continue.
# Native memory allocation (malloc) failed to allocate 1236416 bytes. Error detail: Chunk::new
# Possible reasons:
#   The system is out of physical RAM or swap space
#   This process is running with CompressedOops enabled, and the Java Heap may be blocking the growth of the native heap
# Possible solutions:
#   Reduce memory load on the system
#   Increase physical memory or swap space
#   Check if swap backing store is full
#   Decrease Java heap size (-Xmx/-Xms)
#   Decrease number of Java threads
#   Decrease Java thread stack sizes (-Xss)
#   Set larger code cache with -XX:ReservedCodeCacheSize=
#   JVM is running with Unscaled Compressed Oops mode in which the Java heap is
#     placed in the first 4GB address space. The Java Heap base address is the
#     maximum limit for the native heap growth. Please use -XX:HeapBaseMinAddress
#     to set the Java Heap base and to place the Java Heap above 4GB virtual address.
# This output file may be truncated or incomplete.
#
#  Out of Memory Error (arena.cpp:168), pid=2456, tid=5272
#
# JRE version: OpenJDK Runtime Environment Temurin-21.0.7+6 (21.0.7+6) (build 21.0.7+6-LTS)
# Java VM: OpenJDK 64-Bit Server VM Temurin-21.0.7+6 (21.0.7+6-LTS, mixed mode, sharing, tiered, compressed oops, compressed class ptrs, parallel gc, windows-amd64)
# No core dump will be written. Minidumps are not enabled by default on client versions of Windows
#

---------------  S U M M A R Y ------------

Command Line: --add-modules=ALL-SYSTEM --add-opens=java.base/java.util=ALL-UNNAMED --add-opens=java.base/java.lang=ALL-UNNAMED --add-opens=java.base/sun.nio.fs=ALL-UNNAMED -Declipse.application=org.eclipse.jdt.ls.core.id1 -Dosgi.bundles.defaultStartLevel=4 -Declipse.product=org.eclipse.jdt.ls.core.product -Djava.import.generatesMetadataFilesAtProjectRoot=false -DDetectVMInstallationsJob.disabled=true -Dfile.encoding=utf8 -XX:+UseParallelGC -XX:GCTimeRatio=4 -XX:AdaptiveSizePolicyWeight=90 -Dsun.zip.disableMemoryMapping=true -Xmx1G -Xms100m -Xlog:disable -javaagent:c:\Users\Admin\.vscode\extensions\redhat.java-1.42.0-win32-x64\lombok\lombok-1.18.36.jar -XX:+HeapDumpOnOutOfMemoryError -XX:HeapDumpPath=c:\Users\Admin\AppData\Roaming\Code\User\workspaceStorage\044d07cebe7941a13fb9890be6efa0a1\redhat.java -Daether.dependencyCollector.impl=bf c:\Users\Admin\.vscode\extensions\redhat.java-1.42.0-win32-x64\server\plugins\org.eclipse.equinox.launcher_1.7.0.v20250424-1814.jar -configuration c:\Users\Admin\AppData\Roaming\Code\User\globalStorage\redhat.java\1.42.0\config_win -data c:\Users\Admin\AppData\Roaming\Code\User\workspaceStorage\044d07cebe7941a13fb9890be6efa0a1\redhat.java\jdt_ws --pipe=\\.\pipe\lsp-9debd5ec6792478280cb5cf4f6fe3794-sock

Host: Intel(R) Core(TM) i5-4260U CPU @ 1.40GHz, 4 cores, 3G,  Windows 10 , 64 bit Build 19041 (10.0.19041.5794)
Time: Sat May 24 16:09:20 2025 Pacific Daylight Time elapsed time: 9.008379 seconds (0d 0h 0m 9s)

---------------  T H R E A D  ---------------

Current thread (0x0000015d5ad24190):  JavaThread "C2 CompilerThread0" daemon [_thread_in_native, id=5272, stack(0x0000003272300000,0x0000003272400000) (1024K)]


Current CompileTask:
C2:9008 3242       4       java.lang.invoke.MethodType::makeImpl (109 bytes)

Stack: [0x0000003272300000,0x0000003272400000]
Native frames: (J=compiled Java code, j=interpreted, Vv=VM code, C=native code)
V  [jvm.dll+0x6ce119]
V  [jvm.dll+0x8a84a1]
V  [jvm.dll+0x8aa9ce]
V  [jvm.dll+0x8ab0b3]
V  [jvm.dll+0x27f8a6]
V  [jvm.dll+0xc507d]
V  [jvm.dll+0xc55b3]
V  [jvm.dll+0x3b692c]
V  [jvm.dll+0x1e0029]
V  [jvm.dll+0x247c42]
V  [jvm.dll+0x2470cf]
V  [jvm.dll+0x1c760e]
V  [jvm.dll+0x25695a]
V  [jvm.dll+0x254efa]
V  [jvm.dll+0x3f03f6]
V  [jvm.dll+0x851f6b]
V  [jvm.dll+0x6cc7dd]
C  [ucrtbase.dll+0x21bb2]
C  [KERNEL32.DLL+0x17374]
C  [ntdll.dll+0x4cc91]


---------------  P R O C E S S  ---------------

Threads class SMR info:
_java_thread_list=0x0000015d5bb8d770, length=21, elements={
0x0000015d469ef470, 0x0000015d5ad1b790, 0x0000015d5ad1c7f0, 0x0000015d5ad1d950,
0x0000015d5ad1e860, 0x0000015d5ad21900, 0x0000015d5ad23360, 0x0000015d5ad24190,
0x0000015d5ad88240, 0x0000015d46a593e0, 0x0000015d5bcb6b70, 0x0000015d607644d0,
0x0000015d60ad19f0, 0x0000015d607913e0, 0x0000015d60ae00a0, 0x0000015d60569870,
0x0000015d5ad8c900, 0x0000015d60fdf8d0, 0x0000015d60662450, 0x0000015d60660380,
0x0000015d60661dc0
}

Java Threads: ( => current thread )
  0x0000015d469ef470 JavaThread "main"                              [_thread_blocked, id=6216, stack(0x0000003271900000,0x0000003271a00000) (1024K)]
  0x0000015d5ad1b790 JavaThread "Reference Handler"          daemon [_thread_blocked, id=5044, stack(0x0000003271d00000,0x0000003271e00000) (1024K)]
  0x0000015d5ad1c7f0 JavaThread "Finalizer"                  daemon [_thread_blocked, id=4900, stack(0x0000003271e00000,0x0000003271f00000) (1024K)]
  0x0000015d5ad1d950 JavaThread "Signal Dispatcher"          daemon [_thread_blocked, id=6796, stack(0x0000003271f00000,0x0000003272000000) (1024K)]
  0x0000015d5ad1e860 JavaThread "Attach Listener"            daemon [_thread_blocked, id=564, stack(0x0000003272000000,0x0000003272100000) (1024K)]
  0x0000015d5ad21900 JavaThread "Service Thread"             daemon [_thread_blocked, id=3904, stack(0x0000003272100000,0x0000003272200000) (1024K)]
  0x0000015d5ad23360 JavaThread "Monitor Deflation Thread"   daemon [_thread_blocked, id=4520, stack(0x0000003272200000,0x0000003272300000) (1024K)]
=>0x0000015d5ad24190 JavaThread "C2 CompilerThread0"         daemon [_thread_in_native, id=5272, stack(0x0000003272300000,0x0000003272400000) (1024K)]
  0x0000015d5ad88240 JavaThread "C1 CompilerThread0"         daemon [_thread_blocked, id=4624, stack(0x0000003272400000,0x0000003272500000) (1024K)]
  0x0000015d46a593e0 JavaThread "Common-Cleaner"             daemon [_thread_blocked, id=5744, stack(0x0000003272500000,0x0000003272600000) (1024K)]
  0x0000015d5bcb6b70 JavaThread "Notification Thread"        daemon [_thread_blocked, id=1704, stack(0x0000003272600000,0x0000003272700000) (1024K)]
  0x0000015d607644d0 JavaThread "Active Thread: Equinox Container: 70b377db-38eb-4db5-b36a-7de0b542aac6"        [_thread_blocked, id=4280, stack(0x0000003272b00000,0x0000003272c00000) (1024K)]
  0x0000015d60ad19f0 JavaThread "Refresh Thread: Equinox Container: 70b377db-38eb-4db5-b36a-7de0b542aac6" daemon [_thread_blocked, id=3664, stack(0x0000003272c00000,0x0000003272d00000) (1024K)]
  0x0000015d607913e0 JavaThread "Framework Event Dispatcher: Equinox Container: 70b377db-38eb-4db5-b36a-7de0b542aac6" daemon [_thread_blocked, id=5100, stack(0x0000003272d00000,0x0000003272e00000) (1024K)]
  0x0000015d60ae00a0 JavaThread "Start Level: Equinox Container: 70b377db-38eb-4db5-b36a-7de0b542aac6" daemon [_thread_in_vm, id=2084, stack(0x0000003272e00000,0x0000003272f00000) (1024K)]
  0x0000015d60569870 JavaThread "Bundle File Closer"         daemon [_thread_blocked, id=1640, stack(0x0000003272f00000,0x0000003273000000) (1024K)]
  0x0000015d5ad8c900 JavaThread "SCR Component Actor"        daemon [_thread_blocked, id=6376, stack(0x0000003272700000,0x0000003272800000) (1024K)]
  0x0000015d60fdf8d0 JavaThread "SCR Component Registry"     daemon [_thread_blocked, id=516, stack(0x0000003273000000,0x0000003273100000) (1024K)]
  0x0000015d60662450 JavaThread "Worker-JM"                         [_thread_blocked, id=1012, stack(0x0000003273100000,0x0000003273200000) (1024K)]
  0x0000015d60660380 JavaThread "Worker-0: Checking project encoding"        [_thread_blocked, id=3628, stack(0x0000003273200000,0x0000003273300000) (1024K)]
  0x0000015d60661dc0 JavaThread "Worker-1"                          [_thread_blocked, id=2536, stack(0x0000003273300000,0x0000003273400000) (1024K)]
Total: 21

Other Threads:
  0x0000015d46aac190 VMThread "VM Thread"                           [id=2360, stack(0x0000003271c00000,0x0000003271d00000) (1024K)]
  0x0000015d46a58080 WatcherThread "VM Periodic Task Thread"        [id=2556, stack(0x0000003271b00000,0x0000003271c00000) (1024K)]
  0x0000015d46a0d6e0 WorkerThread "GC Thread#0"                     [id=5284, stack(0x0000003271a00000,0x0000003271b00000) (1024K)]
  0x0000015d601405a0 WorkerThread "GC Thread#1"                     [id=5332, stack(0x0000003272800000,0x0000003272900000) (1024K)]
  0x0000015d602884f0 WorkerThread "GC Thread#2"                     [id=2056, stack(0x0000003272900000,0x0000003272a00000) (1024K)]
  0x0000015d602a6380 WorkerThread "GC Thread#3"                     [id=3656, stack(0x0000003272a00000,0x0000003272b00000) (1024K)]
Total: 6

Threads with active compile tasks:
C2 CompilerThread0  9049 3242       4       java.lang.invoke.MethodType::makeImpl (109 bytes)
Total: 1

VM state: not at safepoint (normal execution)

VM Mutex/Monitor currently owned by a thread: None

Heap address: 0x00000000c0000000, size: 1024 MB, Compressed Oops mode: 32-bit

CDS archive(s) mapped at: [0x0000015d00000000-0x0000015d00ba0000-0x0000015d00ba0000), size 12189696, SharedBaseAddress: 0x0000015d00000000, ArchiveRelocationMode: 1.
Compressed class space mapped at: 0x0000015d01000000-0x0000015d41000000, reserved size: 1073741824
Narrow klass base: 0x0000015d00000000, Narrow klass shift: 0, Narrow klass range: 0x100000000

GC Precious Log:
 CardTable entry size: 512
 CPUs: 4 total, 4 available
 Memory: 4036M
 Large Page Support: Disabled
 NUMA Support: Disabled
 Compressed Oops: Enabled (32-bit)
 Alignments: Space 512K, Generation 512K, Heap 2M
 Heap Min Capacity: 100M
 Heap Initial Capacity: 100M
 Heap Max Capacity: 1G
 Pre-touch: Disabled
 Parallel Workers: 4

Heap:
 PSYoungGen      total 29184K, used 15928K [0x00000000eab00000, 0x00000000ece80000, 0x0000000100000000)
  eden space 25088K, 47% used [0x00000000eab00000,0x00000000eb690298,0x00000000ec380000)
  from space 4096K, 99% used [0x00000000ec400000,0x00000000ec7fdd78,0x00000000ec800000)
  to   space 5632K, 0% used [0x00000000ec900000,0x00000000ec900000,0x00000000ece80000)
 ParOldGen       total 68608K, used 7764K [0x00000000c0000000, 0x00000000c4300000, 0x00000000eab00000)
  object space 68608K, 11% used [0x00000000c0000000,0x00000000c0795310,0x00000000c4300000)
 Metaspace       used 17175K, committed 17856K, reserved 1114112K
  class space    used 1731K, committed 1984K, reserved 1048576K

Card table byte_map: [0x0000015d463a0000,0x0000015d465b0000] _byte_map_base: 0x0000015d45da0000

Marking Bits: (ParMarkBitMap*) 0x00007ff9ad5631f0
 Begin Bits: [0x0000015d58bf0000, 0x0000015d59bf0000)
 End Bits:   [0x0000015d59bf0000, 0x0000015d5abf0000)

Polling page: 0x0000015d44770000

Metaspace:

Usage:
  Non-class:     15.08 MB used.
      Class:      1.69 MB used.
       Both:     16.77 MB used.

Virtual space:
  Non-class space:       64.00 MB reserved,      15.50 MB ( 24%) committed,  1 nodes.
      Class space:        1.00 GB reserved,       1.94 MB ( <1%) committed,  1 nodes.
             Both:        1.06 GB reserved,      17.44 MB (  2%) committed. 

Chunk freelists:
   Non-Class:  416.00 KB
       Class:  13.88 MB
        Both:  14.29 MB

MaxMetaspaceSize: unlimited
CompressedClassSpaceSize: 1.00 GB
Initial GC threshold: 21.00 MB
Current GC threshold: 21.00 MB
CDS: on
 - commit_granule_bytes: 65536.
 - commit_granule_words: 8192.
 - virtual_space_node_default_size: 8388608.
 - enlarge_chunks_in_place: 1.
 - use_allocation_guard: 0.


Internal statistics:

num_allocs_failed_limit: 0.
num_arena_births: 524.
num_arena_deaths: 0.
num_vsnodes_births: 2.
num_vsnodes_deaths: 0.
num_space_committed: 279.
num_space_uncommitted: 0.
num_chunks_returned_to_freelist: 0.
num_chunks_taken_from_freelist: 1097.
num_chunk_merges: 0.
num_chunk_splits: 725.
num_chunks_enlarged: 482.
num_inconsistent_stats: 0.

CodeHeap 'non-profiled nmethods': size=120000Kb used=1440Kb max_used=1440Kb free=118559Kb
 bounds [0x0000015d516c0000, 0x0000015d51930000, 0x0000015d58bf0000]
CodeHeap 'profiled nmethods': size=120000Kb used=7112Kb max_used=7112Kb free=112887Kb
 bounds [0x0000015d49bf0000, 0x0000015d4a2f0000, 0x0000015d51120000]
CodeHeap 'non-nmethods': size=5760Kb used=1266Kb max_used=1275Kb free=4493Kb
 bounds [0x0000015d51120000, 0x0000015d51390000, 0x0000015d516c0000]
 total_blobs=3943 nmethods=3401 adapters=448
 compilation: enabled
              stopped_count=0, restarted_count=0
 full_count=0

Compilation events (20 events):
Event: 8.965 Thread 0x0000015d5ad88240 3399       3       java.lang.String::encode (48 bytes)
Event: 8.965 Thread 0x0000015d5ad88240 nmethod 3399 0x0000015d4a2dca90 code [0x0000015d4a2dcca0, 0x0000015d4a2dcfe8]
Event: 8.974 Thread 0x0000015d5ad88240 3400       1       org.eclipse.osgi.container.ModuleCapability::getResource (5 bytes)
Event: 8.974 Thread 0x0000015d5ad88240 nmethod 3400 0x0000015d51827710 code [0x0000015d518278a0, 0x0000015d51827968]
Event: 8.975 Thread 0x0000015d5ad88240 3401       3       java.net.URL::getDefaultPort (8 bytes)
Event: 8.976 Thread 0x0000015d5ad88240 nmethod 3401 0x0000015d4a2dd110 code [0x0000015d4a2dd2c0, 0x0000015d4a2dd498]
Event: 8.978 Thread 0x0000015d5ad88240 3402       1       org.eclipse.osgi.container.ModuleWire::getProvider (5 bytes)
Event: 8.978 Thread 0x0000015d5ad88240 nmethod 3402 0x0000015d51827a10 code [0x0000015d51827ba0, 0x0000015d51827c68]
Event: 8.978 Thread 0x0000015d5ad88240 3403       1       org.eclipse.osgi.container.ModuleRequirement::getResource (5 bytes)
Event: 8.978 Thread 0x0000015d5ad88240 nmethod 3403 0x0000015d51827d10 code [0x0000015d51827ea0, 0x0000015d51827f68]
Event: 8.978 Thread 0x0000015d5ad88240 3404       1       org.eclipse.osgi.container.ModuleWire::getRequirer (5 bytes)
Event: 8.979 Thread 0x0000015d5ad88240 nmethod 3404 0x0000015d51828010 code [0x0000015d518281a0, 0x0000015d51828268]
Event: 8.979 Thread 0x0000015d5ad88240 3405       3       org.eclipse.osgi.container.ModuleCapability::getResource (5 bytes)
Event: 8.979 Thread 0x0000015d5ad88240 nmethod 3405 0x0000015d4a2dd590 code [0x0000015d4a2dd720, 0x0000015d4a2dd840]
Event: 8.983 Thread 0x0000015d5ad88240 3406       3       java.security.MessageDigest::getInstance (77 bytes)
Event: 8.984 Thread 0x0000015d5ad88240 nmethod 3406 0x0000015d4a2dd910 code [0x0000015d4a2ddba0, 0x0000015d4a2de9c0]
Event: 8.985 Thread 0x0000015d5ad88240 3407       3       java.util.Base64$Decoder::decode (35 bytes)
Event: 8.985 Thread 0x0000015d5ad88240 nmethod 3407 0x0000015d4a2ded90 code [0x0000015d4a2def60, 0x0000015d4a2df250]
Event: 8.995 Thread 0x0000015d5ad88240 3408       3       sun.net.www.protocol.jar.Handler::parseContextSpec (150 bytes)
Event: 8.998 Thread 0x0000015d5ad88240 nmethod 3408 0x0000015d4a2df390 code [0x0000015d4a2df800, 0x0000015d4a2e12d0]

GC Heap History (10 events):
Event: 2.482 GC heap before
{Heap before GC invocations=1 (full 0):
 PSYoungGen      total 29696K, used 25600K [0x00000000eab00000, 0x00000000ecc00000, 0x0000000100000000)
  eden space 25600K, 100% used [0x00000000eab00000,0x00000000ec400000,0x00000000ec400000)
  from space 4096K, 0% used [0x00000000ec800000,0x00000000ec800000,0x00000000ecc00000)
  to   space 4096K, 0% used [0x00000000ec400000,0x00000000ec400000,0x00000000ec800000)
 ParOldGen       total 68608K, used 0K [0x00000000c0000000, 0x00000000c4300000, 0x00000000eab00000)
  object space 68608K, 0% used [0x00000000c0000000,0x00000000c0000000,0x00000000c4300000)
 Metaspace       used 4354K, committed 4608K, reserved 1114112K
  class space    used 460K, committed 576K, reserved 1048576K
}
Event: 2.494 GC heap after
{Heap after GC invocations=1 (full 0):
 PSYoungGen      total 29696K, used 3270K [0x00000000eab00000, 0x00000000ecc00000, 0x0000000100000000)
  eden space 25600K, 0% used [0x00000000eab00000,0x00000000eab00000,0x00000000ec400000)
  from space 4096K, 79% used [0x00000000ec400000,0x00000000ec731870,0x00000000ec800000)
  to   space 4096K, 0% used [0x00000000ec800000,0x00000000ec800000,0x00000000ecc00000)
 ParOldGen       total 68608K, used 8K [0x00000000c0000000, 0x00000000c4300000, 0x00000000eab00000)
  object space 68608K, 0% used [0x00000000c0000000,0x00000000c0002000,0x00000000c4300000)
 Metaspace       used 4354K, committed 4608K, reserved 1114112K
  class space    used 460K, committed 576K, reserved 1048576K
}
Event: 4.369 GC heap before
{Heap before GC invocations=2 (full 0):
 PSYoungGen      total 29696K, used 28868K [0x00000000eab00000, 0x00000000ecc00000, 0x0000000100000000)
  eden space 25600K, 99% used [0x00000000eab00000,0x00000000ec3ffaa8,0x00000000ec400000)
  from space 4096K, 79% used [0x00000000ec400000,0x00000000ec731870,0x00000000ec800000)
  to   space 4096K, 0% used [0x00000000ec800000,0x00000000ec800000,0x00000000ecc00000)
 ParOldGen       total 68608K, used 8K [0x00000000c0000000, 0x00000000c4300000, 0x00000000eab00000)
  object space 68608K, 0% used [0x00000000c0000000,0x00000000c0002000,0x00000000c4300000)
 Metaspace       used 8084K, committed 8384K, reserved 1114112K
  class space    used 815K, committed 960K, reserved 1048576K
}
Event: 4.379 GC heap after
{Heap after GC invocations=2 (full 0):
 PSYoungGen      total 29696K, used 4082K [0x00000000eab00000, 0x00000000ecc00000, 0x0000000100000000)
  eden space 25600K, 0% used [0x00000000eab00000,0x00000000eab00000,0x00000000ec400000)
  from space 4096K, 99% used [0x00000000ec800000,0x00000000ecbfcb30,0x00000000ecc00000)
  to   space 4096K, 0% used [0x00000000ec400000,0x00000000ec400000,0x00000000ec800000)
 ParOldGen       total 68608K, used 1745K [0x00000000c0000000, 0x00000000c4300000, 0x00000000eab00000)
  object space 68608K, 2% used [0x00000000c0000000,0x00000000c01b4748,0x00000000c4300000)
 Metaspace       used 8084K, committed 8384K, reserved 1114112K
  class space    used 815K, committed 960K, reserved 1048576K
}
Event: 5.037 GC heap before
{Heap before GC invocations=3 (full 0):
 PSYoungGen      total 29696K, used 29660K [0x00000000eab00000, 0x00000000ecc00000, 0x0000000100000000)
  eden space 25600K, 99% used [0x00000000eab00000,0x00000000ec3fa5a8,0x00000000ec400000)
  from space 4096K, 99% used [0x00000000ec800000,0x00000000ecbfcb30,0x00000000ecc00000)
  to   space 4096K, 0% used [0x00000000ec400000,0x00000000ec400000,0x00000000ec800000)
 ParOldGen       total 68608K, used 1745K [0x00000000c0000000, 0x00000000c4300000, 0x00000000eab00000)
  object space 68608K, 2% used [0x00000000c0000000,0x00000000c01b4748,0x00000000c4300000)
 Metaspace       used 9410K, committed 9792K, reserved 1114112K
  class space    used 968K, committed 1152K, reserved 1048576K
}
Event: 5.047 GC heap after
{Heap after GC invocations=3 (full 0):
 PSYoungGen      total 29696K, used 4072K [0x00000000eab00000, 0x00000000ecc00000, 0x0000000100000000)
  eden space 25600K, 0% used [0x00000000eab00000,0x00000000eab00000,0x00000000ec400000)
  from space 4096K, 99% used [0x00000000ec400000,0x00000000ec7fa3b8,0x00000000ec800000)
  to   space 4096K, 0% used [0x00000000ec800000,0x00000000ec800000,0x00000000ecc00000)
 ParOldGen       total 68608K, used 5167K [0x00000000c0000000, 0x00000000c4300000, 0x00000000eab00000)
  object space 68608K, 7% used [0x00000000c0000000,0x00000000c050bd50,0x00000000c4300000)
 Metaspace       used 9410K, committed 9792K, reserved 1114112K
  class space    used 968K, committed 1152K, reserved 1048576K
}
Event: 7.282 GC heap before
{Heap before GC invocations=4 (full 0):
 PSYoungGen      total 29696K, used 29672K [0x00000000eab00000, 0x00000000ecc00000, 0x0000000100000000)
  eden space 25600K, 100% used [0x00000000eab00000,0x00000000ec400000,0x00000000ec400000)
  from space 4096K, 99% used [0x00000000ec400000,0x00000000ec7fa3b8,0x00000000ec800000)
  to   space 4096K, 0% used [0x00000000ec800000,0x00000000ec800000,0x00000000ecc00000)
 ParOldGen       total 68608K, used 5167K [0x00000000c0000000, 0x00000000c4300000, 0x00000000eab00000)
  object space 68608K, 7% used [0x00000000c0000000,0x00000000c050bd50,0x00000000c4300000)
 Metaspace       used 12373K, committed 12864K, reserved 1114112K
  class space    used 1264K, committed 1472K, reserved 1048576K
}
Event: 7.295 GC heap after
{Heap after GC invocations=4 (full 0):
 PSYoungGen      total 29696K, used 4079K [0x00000000eab00000, 0x00000000ecc00000, 0x0000000100000000)
  eden space 25600K, 0% used [0x00000000eab00000,0x00000000eab00000,0x00000000ec400000)
  from space 4096K, 99% used [0x00000000ec800000,0x00000000ecbfbdf8,0x00000000ecc00000)
  to   space 4096K, 0% used [0x00000000ec400000,0x00000000ec400000,0x00000000ec800000)
 ParOldGen       total 68608K, used 6770K [0x00000000c0000000, 0x00000000c4300000, 0x00000000eab00000)
  object space 68608K, 9% used [0x00000000c0000000,0x00000000c069ca28,0x00000000c4300000)
 Metaspace       used 12373K, committed 12864K, reserved 1114112K
  class space    used 1264K, committed 1472K, reserved 1048576K
}
Event: 8.392 GC heap before
{Heap before GC invocations=5 (full 0):
 PSYoungGen      total 29696K, used 29679K [0x00000000eab00000, 0x00000000ecc00000, 0x0000000100000000)
  eden space 25600K, 100% used [0x00000000eab00000,0x00000000ec400000,0x00000000ec400000)
  from space 4096K, 99% used [0x00000000ec800000,0x00000000ecbfbdf8,0x00000000ecc00000)
  to   space 4096K, 0% used [0x00000000ec400000,0x00000000ec400000,0x00000000ec800000)
 ParOldGen       total 68608K, used 6770K [0x00000000c0000000, 0x00000000c4300000, 0x00000000eab00000)
  object space 68608K, 9% used [0x00000000c0000000,0x00000000c069ca28,0x00000000c4300000)
 Metaspace       used 15707K, committed 16320K, reserved 1114112K
  class space    used 1574K, committed 1856K, reserved 1048576K
}
Event: 8.401 GC heap after
{Heap after GC invocations=5 (full 0):
 PSYoungGen      total 29184K, used 4087K [0x00000000eab00000, 0x00000000ece80000, 0x0000000100000000)
  eden space 25088K, 0% used [0x00000000eab00000,0x00000000eab00000,0x00000000ec380000)
  from space 4096K, 99% used [0x00000000ec400000,0x00000000ec7fdd78,0x00000000ec800000)
  to   space 5632K, 0% used [0x00000000ec900000,0x00000000ec900000,0x00000000ece80000)
 ParOldGen       total 68608K, used 7764K [0x00000000c0000000, 0x00000000c4300000, 0x00000000eab00000)
  object space 68608K, 11% used [0x00000000c0000000,0x00000000c0795310,0x00000000c4300000)
 Metaspace       used 15707K, committed 16320K, reserved 1114112K
  class space    used 1574K, committed 1856K, reserved 1048576K
}

Dll operation events (11 events):
Event: 0.017 Loaded shared library c:\Users\Admin\.vscode\extensions\redhat.java-1.42.0-win32-x64\jre\21.0.7-win32-x86_64\bin\java.dll
Event: 0.153 Loaded shared library c:\Users\Admin\.vscode\extensions\redhat.java-1.42.0-win32-x64\jre\21.0.7-win32-x86_64\bin\zip.dll
Event: 0.203 Loaded shared library C:\Users\Admin\.vscode\extensions\redhat.java-1.42.0-win32-x64\jre\21.0.7-win32-x86_64\bin\instrument.dll
Event: 0.210 Loaded shared library C:\Users\Admin\.vscode\extensions\redhat.java-1.42.0-win32-x64\jre\21.0.7-win32-x86_64\bin\net.dll
Event: 0.212 Loaded shared library C:\Users\Admin\.vscode\extensions\redhat.java-1.42.0-win32-x64\jre\21.0.7-win32-x86_64\bin\nio.dll
Event: 0.220 Loaded shared library C:\Users\Admin\.vscode\extensions\redhat.java-1.42.0-win32-x64\jre\21.0.7-win32-x86_64\bin\zip.dll
Event: 0.261 Loaded shared library C:\Users\Admin\.vscode\extensions\redhat.java-1.42.0-win32-x64\jre\21.0.7-win32-x86_64\bin\jimage.dll
Event: 0.409 Loaded shared library c:\Users\Admin\.vscode\extensions\redhat.java-1.42.0-win32-x64\jre\21.0.7-win32-x86_64\bin\verify.dll
Event: 4.368 Loaded shared library C:\Users\Admin\AppData\Roaming\Code\User\globalStorage\redhat.java\1.42.0\config_win\org.eclipse.equinox.launcher\org.eclipse.equinox.launcher.win32.win32.x86_64_1.2.1300.v20250331-1702\eclipse_11911.dll
Event: 8.287 Loaded shared library C:\Users\Admin\.vscode\extensions\redhat.java-1.42.0-win32-x64\jre\21.0.7-win32-x86_64\bin\management.dll
Event: 8.293 Loaded shared library C:\Users\Admin\.vscode\extensions\redhat.java-1.42.0-win32-x64\jre\21.0.7-win32-x86_64\bin\management_ext.dll

Deoptimization events (20 events):
Event: 8.282 Thread 0x0000015d60ae00a0 Uncommon trap: trap_request=0xffffffcc fr.pc=0x0000015d5181d218 relative=0x0000000000000358
Event: 8.282 Thread 0x0000015d60ae00a0 Uncommon trap: reason=intrinsic_or_type_checked_inlining action=make_not_entrant pc=0x0000015d5181d218 method=java.util.Arrays.copyOf([Ljava/lang/Object;ILjava/lang/Class;)[Ljava/lang/Object; @ 35 c2
Event: 8.282 Thread 0x0000015d60ae00a0 DEOPT PACKING pc=0x0000015d5181d218 sp=0x0000003272ef9490
Event: 8.282 Thread 0x0000015d60ae00a0 DEOPT UNPACKING pc=0x0000015d51173aa2 sp=0x0000003272ef9438 mode 2
Event: 8.302 Thread 0x0000015d60ae00a0 Uncommon trap: trap_request=0xffffff45 fr.pc=0x0000015d51769214 relative=0x0000000000000a94
Event: 8.302 Thread 0x0000015d60ae00a0 Uncommon trap: reason=unstable_if action=reinterpret pc=0x0000015d51769214 method=java.util.HashMap.putVal(ILjava/lang/Object;Ljava/lang/Object;ZZ)Ljava/lang/Object; @ 236 c2
Event: 8.302 Thread 0x0000015d60ae00a0 DEOPT PACKING pc=0x0000015d51769214 sp=0x0000003272ef89e0
Event: 8.302 Thread 0x0000015d60ae00a0 DEOPT UNPACKING pc=0x0000015d51173aa2 sp=0x0000003272ef8978 mode 2
Event: 8.373 Thread 0x0000015d60ae00a0 Uncommon trap: trap_request=0xffffff45 fr.pc=0x0000015d5176e354 relative=0x00000000000000b4
Event: 8.373 Thread 0x0000015d60ae00a0 Uncommon trap: reason=unstable_if action=reinterpret pc=0x0000015d5176e354 method=org.eclipse.osgi.container.ModuleRevisionBuilder.unmodifiableMap(Ljava/util/Map;)Ljava/util/Map; @ 27 c2
Event: 8.373 Thread 0x0000015d60ae00a0 DEOPT PACKING pc=0x0000015d5176e354 sp=0x0000003272ef94b0
Event: 8.373 Thread 0x0000015d60ae00a0 DEOPT UNPACKING pc=0x0000015d51173aa2 sp=0x0000003272ef9430 mode 2
Event: 8.420 Thread 0x0000015d60ae00a0 Uncommon trap: trap_request=0xffffff45 fr.pc=0x0000015d517e9410 relative=0x0000000000000070
Event: 8.420 Thread 0x0000015d60ae00a0 Uncommon trap: reason=unstable_if action=reinterpret pc=0x0000015d517e9410 method=java.lang.ref.ReferenceQueue.poll()Ljava/lang/ref/Reference; @ 4 c2
Event: 8.420 Thread 0x0000015d60ae00a0 DEOPT PACKING pc=0x0000015d517e9410 sp=0x0000003272ef8730
Event: 8.421 Thread 0x0000015d60ae00a0 DEOPT UNPACKING pc=0x0000015d51173aa2 sp=0x0000003272ef86b8 mode 2
Event: 8.522 Thread 0x0000015d60ae00a0 Uncommon trap: trap_request=0xffffff45 fr.pc=0x0000015d518163a4 relative=0x0000000000000084
Event: 8.522 Thread 0x0000015d60ae00a0 Uncommon trap: reason=unstable_if action=reinterpret pc=0x0000015d518163a4 method=java.lang.ref.SoftReference.get()Ljava/lang/Object; @ 6 c2
Event: 8.522 Thread 0x0000015d60ae00a0 DEOPT PACKING pc=0x0000015d518163a4 sp=0x0000003272ef93c0
Event: 8.522 Thread 0x0000015d60ae00a0 DEOPT UNPACKING pc=0x0000015d51173aa2 sp=0x0000003272ef9358 mode 2

Classes loaded (20 events):
Event: 8.497 Loading class java/util/function/LongUnaryOperator
Event: 8.497 Loading class java/util/function/LongUnaryOperator done
Event: 8.498 Loading class java/lang/ThreadDeath
Event: 8.498 Loading class java/lang/ThreadDeath done
Event: 8.529 Loading class java/util/stream/SortedOps$SizedRefSortingSink
Event: 8.530 Loading class java/util/stream/SortedOps$SizedRefSortingSink done
Event: 8.623 Loading class java/util/concurrent/atomic/Striped64$1
Event: 8.623 Loading class java/util/concurrent/atomic/Striped64$1 done
Event: 8.744 Loading class java/util/BitSet
Event: 8.745 Loading class java/util/BitSet done
Event: 8.759 Loading class sun/net/www/protocol/jrt/JavaRuntimeURLConnection
Event: 8.759 Loading class sun/net/www/protocol/jrt/JavaRuntimeURLConnection done
Event: 8.760 Loading class sun/net/www/protocol/jrt/JavaRuntimeURLConnection$1
Event: 8.761 Loading class sun/net/www/protocol/jrt/JavaRuntimeURLConnection$1 done
Event: 8.804 Loading class java/util/function/UnaryOperator
Event: 8.804 Loading class java/util/function/UnaryOperator done
Event: 8.822 Loading class java/util/ServiceConfigurationError
Event: 8.822 Loading class java/util/ServiceConfigurationError done
Event: 8.865 Loading class java/lang/InheritableThreadLocal
Event: 8.865 Loading class java/lang/InheritableThreadLocal done

Classes unloaded (0 events):
No events

Classes redefined (0 events):
No events

Internal exceptions (20 events):
Event: 7.635 Thread 0x0000015d60ae00a0 Exception <a 'java/io/FileNotFoundException'{0x00000000eb21b650}> (0x00000000eb21b650) 
thrown [s\src\hotspot\share\prims\jni.cpp, line 520]
Event: 7.899 Thread 0x0000015d60ae00a0 Exception <a 'java/lang/NoSuchMethodError'{0x00000000eb6affa0}: 'java.lang.Object java.lang.invoke.Invokers$Holder.linkToTargetMethod(java.lang.Object, long, java.lang.Object)'> (0x00000000eb6affa0) 
thrown [s\src\hotspot\share\interpreter\linkResolver.cpp, line 773]
Event: 7.977 Thread 0x0000015d60ae00a0 Exception <a 'java/lang/NoSuchMethodError'{0x00000000eb9b2ee0}: 'void java.lang.invoke.DirectMethodHandle$Holder.invokeInterface(java.lang.Object, java.lang.Object, java.lang.Object)'> (0x00000000eb9b2ee0) 
thrown [s\src\hotspot\share\interpreter\linkResolver.cpp, line 773]
Event: 8.177 Thread 0x0000015d60ae00a0 Exception <a 'java/lang/NoSuchMethodError'{0x00000000ebe9c328}: 'java.lang.Object java.lang.invoke.DirectMethodHandle$Holder.invokeVirtual(java.lang.Object, java.lang.Object, java.lang.Object)'> (0x00000000ebe9c328) 
thrown [s\src\hotspot\share\interpreter\linkResolver.cpp, line 773]
Event: 8.182 Thread 0x0000015d60ae00a0 Exception <a 'java/lang/NoSuchMethodError'{0x00000000ebeb45a0}: 'java.lang.Object java.lang.invoke.DelegatingMethodHandle$Holder.reinvoke_L(java.lang.Object, java.lang.Object, java.lang.Object, java.lang.Object, int, int)'> (0x00000000ebeb45a0) 
thrown [s\src\hotspot\share\interpreter\linkResolver.cpp, line 773]
Event: 8.190 Thread 0x0000015d60ae00a0 Exception <a 'java/lang/NoSuchMethodError'{0x00000000ebed15a8}: 'java.lang.Object java.lang.invoke.DirectMethodHandle$Holder.newInvokeSpecial(java.lang.Object, java.lang.Object, java.lang.Object, java.lang.Object, java.lang.Object, java.lang.Object)'> (0x00000000ebed15a8) 
thrown [s\src\hotspot\share\interpreter\linkResolver.cpp, line 773]
Event: 8.196 Thread 0x0000015d60ae00a0 Exception <a 'java/lang/NoSuchMethodError'{0x00000000ebefd7f8}: 'void java.lang.invoke.Invokers$Holder.invokeExact_MT(java.lang.Object, java.lang.Object, java.lang.Object, java.lang.Object)'> (0x00000000ebefd7f8) 
thrown [s\src\hotspot\share\interpreter\linkResolver.cpp, line 773]
Event: 8.277 Thread 0x0000015d60ae00a0 Exception <a 'java/io/FileNotFoundException'{0x00000000ec031a78}> (0x00000000ec031a78) 
thrown [s\src\hotspot\share\prims\jni.cpp, line 520]
Event: 8.284 Thread 0x0000015d60ae00a0 Exception <a 'java/io/FileNotFoundException'{0x00000000ec04f210}> (0x00000000ec04f210) 
thrown [s\src\hotspot\share\prims\jni.cpp, line 520]
Event: 8.285 Thread 0x0000015d60ae00a0 Exception <a 'java/io/FileNotFoundException'{0x00000000ec056b00}> (0x00000000ec056b00) 
thrown [s\src\hotspot\share\prims\jni.cpp, line 520]
Event: 8.424 Thread 0x0000015d60ae00a0 Exception <a 'java/lang/NoSuchMethodError'{0x00000000eabe8cc0}: 'java.lang.Object java.lang.invoke.DirectMethodHandle$Holder.newInvokeSpecial(java.lang.Object, java.lang.Object, java.lang.Object, java.lang.Object, java.lang.Object)'> (0x00000000eabe8cc0) 
thrown [s\src\hotspot\share\interpreter\linkResolver.cpp, line 773]
Event: 8.487 Thread 0x0000015d60ae00a0 Exception <a 'java/lang/NoSuchMethodError'{0x00000000ead0ecd8}: 'java.lang.Object java.lang.invoke.DirectMethodHandle$Holder.invokeSpecial(java.lang.Object, java.lang.Object, java.lang.Object, long, java.lang.Object)'> (0x00000000ead0ecd8) 
thrown [s\src\hotspot\share\interpreter\linkResolver.cpp, line 773]
Event: 8.491 Thread 0x0000015d60ae00a0 Exception <a 'java/lang/NoSuchMethodError'{0x00000000ead16718}: 'java.lang.Object java.lang.invoke.DirectMethodHandle$Holder.newInvokeSpecial(java.lang.Object, java.lang.Object, java.lang.Object, long)'> (0x00000000ead16718) 
thrown [s\src\hotspot\share\interpreter\linkResolver.cpp, line 773]
Event: 8.492 Thread 0x0000015d60ae00a0 Exception <a 'java/lang/NoSuchMethodError'{0x00000000ead1a578}: 'java.lang.Object java.lang.invoke.Invokers$Holder.linkToTargetMethod(java.lang.Object, java.lang.Object, long, java.lang.Object)'> (0x00000000ead1a578) 
thrown [s\src\hotspot\share\interpreter\linkResolver.cpp, line 773]
Event: 8.573 Thread 0x0000015d60ae00a0 Exception <a 'java/lang/IncompatibleClassChangeError'{0x00000000eaeaf210}: Found class java.lang.Object, but interface was expected> (0x00000000eaeaf210) 
thrown [s\src\hotspot\share\interpreter\linkResolver.cpp, line 840]
Event: 8.574 Thread 0x0000015d60ae00a0 Exception <a 'java/lang/NoSuchMethodError'{0x00000000eaeb2be0}: 'java.lang.Object java.lang.invoke.DirectMethodHandle$Holder.invokeSpecial(java.lang.Object, java.lang.Object, java.lang.Object, int, java.lang.Object, java.lang.Object)'> (0x00000000eaeb2be0) 
thrown [s\src\hotspot\share\interpreter\linkResolver.cpp, line 773]
Event: 8.578 Thread 0x0000015d60ae00a0 Exception <a 'java/lang/NoSuchMethodError'{0x00000000eaeba478}: 'java.lang.Object java.lang.invoke.DirectMethodHandle$Holder.newInvokeSpecial(java.lang.Object, java.lang.Object, java.lang.Object, int, java.lang.Object)'> (0x00000000eaeba478) 
thrown [s\src\hotspot\share\interpreter\linkResolver.cpp, line 773]
Event: 8.578 Thread 0x0000015d60ae00a0 Exception <a 'java/lang/NoSuchMethodError'{0x00000000eaebdf68}: 'java.lang.Object java.lang.invoke.Invokers$Holder.linkToTargetMethod(java.lang.Object, java.lang.Object, int, java.lang.Object, java.lang.Object)'> (0x00000000eaebdf68) 
thrown [s\src\hotspot\share\interpreter\linkResolver.cpp, line 773]
Event: 8.580 Thread 0x0000015d60660380 Exception <a 'java/lang/NoSuchMethodError'{0x00000000ead75678}: 'java.lang.Object java.lang.invoke.DirectMethodHandle$Holder.invokeSpecial(java.lang.Object, java.lang.Object, int, java.lang.Object, java.lang.Object)'> (0x00000000ead75678) 
thrown [s\src\hotspot\share\interpreter\linkResolver.cpp, line 773]
Event: 8.631 Thread 0x0000015d60ae00a0 Exception <a 'java/lang/NoSuchMethodError'{0x00000000eafe4128}: 'void java.lang.invoke.DirectMethodHandle$Holder.invokeSpecial(java.lang.Object, java.lang.Object, java.lang.Object, java.lang.Object, java.lang.Object)'> (0x00000000eafe4128) 
thrown [s\src\hotspot\share\interpreter\linkResolver.cpp, line 773]

ZGC Phase Switch (0 events):
No events

VM Operations (20 events):
Event: 6.047 Executing VM operation: Cleanup
Event: 6.048 Executing VM operation: Cleanup done
Event: 6.543 Executing VM operation: HandshakeAllThreads (Deoptimize)
Event: 6.543 Executing VM operation: HandshakeAllThreads (Deoptimize) done
Event: 6.703 Executing VM operation: HandshakeAllThreads (Deoptimize)
Event: 6.703 Executing VM operation: HandshakeAllThreads (Deoptimize) done
Event: 7.282 Executing VM operation: ParallelGCFailedAllocation (Allocation Failure)
Event: 7.295 Executing VM operation: ParallelGCFailedAllocation (Allocation Failure) done
Event: 8.165 Executing VM operation: ICBufferFull
Event: 8.165 Executing VM operation: ICBufferFull done
Event: 8.379 Executing VM operation: HandshakeAllThreads (Deoptimize)
Event: 8.379 Executing VM operation: HandshakeAllThreads (Deoptimize) done
Event: 8.392 Executing VM operation: ParallelGCFailedAllocation (Allocation Failure)
Event: 8.401 Executing VM operation: ParallelGCFailedAllocation (Allocation Failure) done
Event: 8.768 Executing VM operation: HandshakeAllThreads (Deoptimize)
Event: 8.768 Executing VM operation: HandshakeAllThreads (Deoptimize) done
Event: 8.878 Executing VM operation: HandshakeAllThreads (Deoptimize)
Event: 8.878 Executing VM operation: HandshakeAllThreads (Deoptimize) done
Event: 8.890 Executing VM operation: HandshakeAllThreads (Deoptimize)
Event: 8.891 Executing VM operation: HandshakeAllThreads (Deoptimize) done

Memory protections (0 events):
No events

Nmethod flushes (0 events):
No events

Events (20 events):
Event: 0.124 Thread 0x0000015d469ef470 Thread added: 0x0000015d46a593e0
Event: 0.405 Thread 0x0000015d5ad88240 Thread added: 0x0000015d5bd23690
Event: 0.637 Thread 0x0000015d5bd23690 Thread exited: 0x0000015d5bd23690
Event: 0.734 Thread 0x0000015d469ef470 Thread added: 0x0000015d5bcb6b70
Event: 1.188 Thread 0x0000015d5ad88240 Thread added: 0x0000015d5bd86210
Event: 2.710 Thread 0x0000015d5bd86210 Thread exited: 0x0000015d5bd86210
Event: 3.072 Thread 0x0000015d5ad88240 Thread added: 0x0000015d602a3270
Event: 3.198 Thread 0x0000015d602a3270 Thread exited: 0x0000015d602a3270
Event: 3.293 Thread 0x0000015d5ad88240 Thread added: 0x0000015d603c2750
Event: 3.932 Thread 0x0000015d469ef470 Thread added: 0x0000015d607644d0
Event: 4.361 Thread 0x0000015d469ef470 Thread added: 0x0000015d60ad19f0
Event: 4.424 Thread 0x0000015d60ad19f0 Thread added: 0x0000015d607913e0
Event: 4.429 Thread 0x0000015d469ef470 Thread added: 0x0000015d60ae00a0
Event: 5.089 Thread 0x0000015d60ae00a0 Thread added: 0x0000015d60569870
Event: 5.812 Thread 0x0000015d603c2750 Thread exited: 0x0000015d603c2750
Event: 6.496 Thread 0x0000015d60ae00a0 Thread added: 0x0000015d5ad8c900
Event: 6.679 Thread 0x0000015d60ae00a0 Thread added: 0x0000015d60fdf8d0
Event: 7.990 Thread 0x0000015d60ae00a0 Thread added: 0x0000015d60662450
Event: 8.504 Thread 0x0000015d60ae00a0 Thread added: 0x0000015d60660380
Event: 8.586 Thread 0x0000015d60ae00a0 Thread added: 0x0000015d60661dc0


Dynamic libraries:
0x00007ff625c70000 - 0x00007ff625c7e000 	c:\Users\Admin\.vscode\extensions\redhat.java-1.42.0-win32-x64\jre\21.0.7-win32-x86_64\bin\java.exe
0x00007ff9fd1f0000 - 0x00007ff9fd3e8000 	C:\Windows\SYSTEM32\ntdll.dll
0x00007ff9fb9d0000 - 0x00007ff9fba92000 	C:\Windows\System32\KERNEL32.DLL
0x00007ff9fabc0000 - 0x00007ff9faeb6000 	C:\Windows\System32\KERNELBASE.dll
0x00007ff9fb070000 - 0x00007ff9fb170000 	C:\Windows\System32\ucrtbase.dll
0x00007ff9f6d10000 - 0x00007ff9f6d28000 	c:\Users\Admin\.vscode\extensions\redhat.java-1.42.0-win32-x64\jre\21.0.7-win32-x86_64\bin\jli.dll
0x00007ff9fbe50000 - 0x00007ff9fbfed000 	C:\Windows\System32\USER32.dll
0x00007ff9fa890000 - 0x00007ff9fa8b2000 	C:\Windows\System32\win32u.dll
0x00007ff9fb640000 - 0x00007ff9fb66b000 	C:\Windows\System32\GDI32.dll
0x00007ff9fa940000 - 0x00007ff9faa5a000 	C:\Windows\System32\gdi32full.dll
0x00007ff9faec0000 - 0x00007ff9faf5d000 	C:\Windows\System32\msvcp_win.dll
0x00007ff9f6b10000 - 0x00007ff9f6b2e000 	c:\Users\Admin\.vscode\extensions\redhat.java-1.42.0-win32-x64\jre\21.0.7-win32-x86_64\bin\VCRUNTIME140.dll
0x00007ff9e88f0000 - 0x00007ff9e8b8a000 	C:\Windows\WinSxS\amd64_microsoft.windows.common-controls_6595b64144ccf1df_6.0.19041.5794_none_60bcd33171f2783c\COMCTL32.dll
0x00007ff9fb3f0000 - 0x00007ff9fb48e000 	C:\Windows\System32\msvcrt.dll
0x00007ff9fc310000 - 0x00007ff9fc33f000 	C:\Windows\System32\IMM32.DLL
0x00007ff9f71d0000 - 0x00007ff9f71dc000 	c:\Users\Admin\.vscode\extensions\redhat.java-1.42.0-win32-x64\jre\21.0.7-win32-x86_64\bin\vcruntime140_1.dll
0x00007ff9f6a80000 - 0x00007ff9f6b0d000 	c:\Users\Admin\.vscode\extensions\redhat.java-1.42.0-win32-x64\jre\21.0.7-win32-x86_64\bin\msvcp140.dll
0x00007ff9ac8b0000 - 0x00007ff9ad640000 	c:\Users\Admin\.vscode\extensions\redhat.java-1.42.0-win32-x64\jre\21.0.7-win32-x86_64\bin\server\jvm.dll
0x00007ff9fc8e0000 - 0x00007ff9fc98f000 	C:\Windows\System32\ADVAPI32.dll
0x00007ff9fc9a0000 - 0x00007ff9fca3f000 	C:\Windows\System32\sechost.dll
0x00007ff9fbb70000 - 0x00007ff9fbc93000 	C:\Windows\System32\RPCRT4.dll
0x00007ff9fafb0000 - 0x00007ff9fafd7000 	C:\Windows\System32\bcrypt.dll
0x00007ff9fbaa0000 - 0x00007ff9fbb0b000 	C:\Windows\System32\WS2_32.dll
0x00007ff9fa6f0000 - 0x00007ff9fa73b000 	C:\Windows\SYSTEM32\POWRPROF.dll
0x00007ff9e88a0000 - 0x00007ff9e88c7000 	C:\Windows\SYSTEM32\WINMM.dll
0x00007ff9ebf80000 - 0x00007ff9ebf8a000 	C:\Windows\SYSTEM32\VERSION.dll
0x00007ff9fa6d0000 - 0x00007ff9fa6e2000 	C:\Windows\SYSTEM32\UMPDC.dll
0x00007ff9f90b0000 - 0x00007ff9f90c2000 	C:\Windows\SYSTEM32\kernel.appcore.dll
0x00007ff9f6d00000 - 0x00007ff9f6d0a000 	c:\Users\Admin\.vscode\extensions\redhat.java-1.42.0-win32-x64\jre\21.0.7-win32-x86_64\bin\jimage.dll
0x00007ff9e98a0000 - 0x00007ff9e9aa1000 	C:\Windows\SYSTEM32\DBGHELP.DLL
0x00007ff9e2e40000 - 0x00007ff9e2e74000 	C:\Windows\SYSTEM32\dbgcore.DLL
0x00007ff9fafe0000 - 0x00007ff9fb062000 	C:\Windows\System32\bcryptPrimitives.dll
0x00007ff9f6a70000 - 0x00007ff9f6a7f000 	c:\Users\Admin\.vscode\extensions\redhat.java-1.42.0-win32-x64\jre\21.0.7-win32-x86_64\bin\instrument.dll
0x00007ff9f6a50000 - 0x00007ff9f6a6f000 	c:\Users\Admin\.vscode\extensions\redhat.java-1.42.0-win32-x64\jre\21.0.7-win32-x86_64\bin\java.dll
0x00007ff9fca40000 - 0x00007ff9fd1ae000 	C:\Windows\System32\SHELL32.dll
0x00007ff9f88f0000 - 0x00007ff9f9093000 	C:\Windows\SYSTEM32\windows.storage.dll
0x00007ff9fb670000 - 0x00007ff9fb9c3000 	C:\Windows\System32\combase.dll
0x00007ff9fa1f0000 - 0x00007ff9fa21b000 	C:\Windows\SYSTEM32\Wldp.dll
0x00007ff9fc240000 - 0x00007ff9fc30d000 	C:\Windows\System32\OLEAUT32.dll
0x00007ff9fc130000 - 0x00007ff9fc1dd000 	C:\Windows\System32\SHCORE.dll
0x00007ff9fbb10000 - 0x00007ff9fbb65000 	C:\Windows\System32\shlwapi.dll
0x00007ff9fa7c0000 - 0x00007ff9fa7e5000 	C:\Windows\SYSTEM32\profapi.dll
0x00007ff9f6a30000 - 0x00007ff9f6a48000 	c:\Users\Admin\.vscode\extensions\redhat.java-1.42.0-win32-x64\jre\21.0.7-win32-x86_64\bin\zip.dll
0x00007ff9f6a20000 - 0x00007ff9f6a30000 	C:\Users\Admin\.vscode\extensions\redhat.java-1.42.0-win32-x64\jre\21.0.7-win32-x86_64\bin\net.dll
0x00007ff9f2a70000 - 0x00007ff9f2b7a000 	C:\Windows\SYSTEM32\WINHTTP.dll
0x00007ff9f9f50000 - 0x00007ff9f9fbc000 	C:\Windows\system32\mswsock.dll
0x00007ff9f69a0000 - 0x00007ff9f69b6000 	C:\Users\Admin\.vscode\extensions\redhat.java-1.42.0-win32-x64\jre\21.0.7-win32-x86_64\bin\nio.dll
0x00007ff9f6990000 - 0x00007ff9f69a0000 	c:\Users\Admin\.vscode\extensions\redhat.java-1.42.0-win32-x64\jre\21.0.7-win32-x86_64\bin\verify.dll
0x00007ff9e9f30000 - 0x00007ff9e9f75000 	C:\Users\Admin\AppData\Roaming\Code\User\globalStorage\redhat.java\1.42.0\config_win\org.eclipse.equinox.launcher\org.eclipse.equinox.launcher.win32.win32.x86_64_1.2.1300.v20250331-1702\eclipse_11911.dll
0x00007ff9fc7b0000 - 0x00007ff9fc8db000 	C:\Windows\System32\ole32.dll
0x00007ff9f6980000 - 0x00007ff9f698a000 	C:\Users\Admin\.vscode\extensions\redhat.java-1.42.0-win32-x64\jre\21.0.7-win32-x86_64\bin\management.dll
0x00007ff9f6970000 - 0x00007ff9f697b000 	C:\Users\Admin\.vscode\extensions\redhat.java-1.42.0-win32-x64\jre\21.0.7-win32-x86_64\bin\management_ext.dll
0x00007ff9fbe40000 - 0x00007ff9fbe48000 	C:\Windows\System32\PSAPI.DLL

dbghelp: loaded successfully - version: 4.0.5 - missing functions: none
symbol engine: initialized successfully - sym options: 0x614 - pdb path: .;c:\Users\Admin\.vscode\extensions\redhat.java-1.42.0-win32-x64\jre\21.0.7-win32-x86_64\bin;C:\Windows\SYSTEM32;C:\Windows\WinSxS\amd64_microsoft.windows.common-controls_6595b64144ccf1df_6.0.19041.5794_none_60bcd33171f2783c;c:\Users\Admin\.vscode\extensions\redhat.java-1.42.0-win32-x64\jre\21.0.7-win32-x86_64\bin\server;C:\Users\Admin\AppData\Roaming\Code\User\globalStorage\redhat.java\1.42.0\config_win\org.eclipse.equinox.launcher\org.eclipse.equinox.launcher.win32.win32.x86_64_1.2.1300.v20250331-1702

VM Arguments:
jvm_args: --add-modules=ALL-SYSTEM --add-opens=java.base/java.util=ALL-UNNAMED --add-opens=java.base/java.lang=ALL-UNNAMED --add-opens=java.base/sun.nio.fs=ALL-UNNAMED -Declipse.application=org.eclipse.jdt.ls.core.id1 -Dosgi.bundles.defaultStartLevel=4 -Declipse.product=org.eclipse.jdt.ls.core.product -Djava.import.generatesMetadataFilesAtProjectRoot=false -DDetectVMInstallationsJob.disabled=true -Dfile.encoding=utf8 -XX:+UseParallelGC -XX:GCTimeRatio=4 -XX:AdaptiveSizePolicyWeight=90 -Dsun.zip.disableMemoryMapping=true -Xmx1G -Xms100m -Xlog:disable -javaagent:c:\Users\Admin\.vscode\extensions\redhat.java-1.42.0-win32-x64\lombok\lombok-1.18.36.jar -XX:+HeapDumpOnOutOfMemoryError -XX:HeapDumpPath=c:\Users\Admin\AppData\Roaming\Code\User\workspaceStorage\044d07cebe7941a13fb9890be6efa0a1\redhat.java -Daether.dependencyCollector.impl=bf 
java_command: c:\Users\Admin\.vscode\extensions\redhat.java-1.42.0-win32-x64\server\plugins\org.eclipse.equinox.launcher_1.7.0.v20250424-1814.jar -configuration c:\Users\Admin\AppData\Roaming\Code\User\globalStorage\redhat.java\1.42.0\config_win -data c:\Users\Admin\AppData\Roaming\Code\User\workspaceStorage\044d07cebe7941a13fb9890be6efa0a1\redhat.java\jdt_ws --pipe=\\.\pipe\lsp-9debd5ec6792478280cb5cf4f6fe3794-sock
java_class_path (initial): c:\Users\Admin\.vscode\extensions\redhat.java-1.42.0-win32-x64\server\plugins\org.eclipse.equinox.launcher_1.7.0.v20250424-1814.jar
Launcher Type: SUN_STANDARD

[Global flags]
    uintx AdaptiveSizePolicyWeight                 = 90                                        {product} {command line}
     intx CICompilerCount                          = 3                                         {product} {ergonomic}
    uintx GCTimeRatio                              = 4                                         {product} {command line}
     bool HeapDumpOnOutOfMemoryError               = true                                   {manageable} {command line}
    ccstr HeapDumpPath                             = c:\Users\Admin\AppData\Roaming\Code\User\workspaceStorage\044d07cebe7941a13fb9890be6efa0a1\redhat.java         {manageable} {command line}
   size_t InitialHeapSize                          = 104857600                                 {product} {command line}
   size_t MaxHeapSize                              = 1073741824                                {product} {command line}
   size_t MaxNewSize                               = 357564416                                 {product} {ergonomic}
   size_t MinHeapDeltaBytes                        = 524288                                    {product} {ergonomic}
   size_t MinHeapSize                              = 104857600                                 {product} {command line}
   size_t NewSize                                  = 34603008                                  {product} {ergonomic}
    uintx NonNMethodCodeHeapSize                   = 5832780                                {pd product} {ergonomic}
    uintx NonProfiledCodeHeapSize                  = 122912730                              {pd product} {ergonomic}
   size_t OldSize                                  = 70254592                                  {product} {ergonomic}
    uintx ProfiledCodeHeapSize                     = 122912730                              {pd product} {ergonomic}
    uintx ReservedCodeCacheSize                    = 251658240                              {pd product} {ergonomic}
     bool SegmentedCodeCache                       = true                                      {product} {ergonomic}
   size_t SoftMaxHeapSize                          = 1073741824                             {manageable} {ergonomic}
     bool UseCompressedOops                        = true                           {product lp64_product} {ergonomic}
     bool UseLargePagesIndividualAllocation        = false                                  {pd product} {ergonomic}
     bool UseParallelGC                            = true                                      {product} {command line}

Logging:
Log output configuration:
 #0: stdout all=off uptime,level,tags foldmultilines=false
 #1: stderr all=off uptime,level,tags foldmultilines=false

Environment Variables:
JAVA_HOME=C:\Program Files\Java\jdk-24
PATH=C:\Program Files\Common Files\Oracle\Java\javapath;C:\Windows\system32;C:\Windows;C:\Windows\System32\Wbem;C:\Windows\System32\WindowsPowerShell\v1.0\;C:\Windows\System32\OpenSSH\;C:\Program Files\Git\cmd;C:\Program Files\Apache Software Foundation\Tomcat 9.0\bin;C:\Users\Admin\AppData\Local\Microsoft\WindowsApps;C:\Users\Admin\AppData\Local\Programs\Microsoft VS Code\bin
USERNAME=Admin
OS=Windows_NT
PROCESSOR_IDENTIFIER=Intel64 Family 6 Model 69 Stepping 1, GenuineIntel
TMP=C:\Users\Admin\AppData\Local\Temp
TEMP=C:\Users\Admin\AppData\Local\Temp




Periodic native trim disabled

---------------  S Y S T E M  ---------------

OS:
 Windows 10 , 64 bit Build 19041 (10.0.19041.5794)
OS uptime: 0 days 0:14 hours

CPU: total 4 (initial active 4) (2 cores per cpu, 2 threads per core) family 6 model 69 stepping 1 microcode 0x26, cx8, cmov, fxsr, ht, mmx, sse, sse2, sse3, ssse3, sse4.1, sse4.2, popcnt, lzcnt, tsc, tscinvbit, avx, avx2, aes, erms, clmul, bmi1, bmi2, fma, vzeroupper, clflush, rdtscp, f16c
Processor Information for the first 4 processors :
  Max Mhz: 2001, Current Mhz: 1900, Mhz Limit: 2001

Memory: 4k page, system-wide physical 4036M (285M free)
TotalPageFile size 4036M (AvailPageFile size 5M)
current process WorkingSet (physical memory assigned to process): 137M, peak: 139M
current process commit charge ("private bytes"): 232M, peak: 233M

vm_info: OpenJDK 64-Bit Server VM (21.0.7+6-LTS) for windows-amd64 JRE (21.0.7+6-LTS), built on 2025-04-15T00:00:00Z by "admin" with MS VC++ 17.7 (VS2022)

END.
